# Logfile created on 2014-02-13 13:45:48 -0500 by logger.rb/44203
I, [2014-02-13T13:45:48.575810 #51483]  INFO -- : 0:  rake (10.1.1) from /Users/shawnbroukhim/.rbenv/versions/2.1.0/lib/ruby/gems/2.1.0/specifications/rake-10.1.1.gemspec
I, [2014-02-13T13:45:48.576145 #51483]  INFO -- : 0:  i18n (0.6.9) from /Users/shawnbroukhim/.rbenv/versions/2.1.0/lib/ruby/gems/2.1.0/specifications/i18n-0.6.9.gemspec
I, [2014-02-13T13:45:48.576359 #51483]  INFO -- : 0:  minitest (4.7.5) from /Users/shawnbroukhim/.rbenv/versions/2.1.0/lib/ruby/gems/2.1.0/specifications/default/minitest-4.7.5.gemspec
I, [2014-02-13T13:45:48.576586 #51483]  INFO -- : 0:  multi_json (1.8.4) from /Users/shawnbroukhim/.rbenv/versions/2.1.0/lib/ruby/gems/2.1.0/specifications/multi_json-1.8.4.gemspec
I, [2014-02-13T13:45:48.576814 #51483]  INFO -- : 0:  atomic (1.1.14) from /Users/shawnbroukhim/.rbenv/versions/2.1.0/lib/ruby/gems/2.1.0/specifications/atomic-1.1.14.gemspec
I, [2014-02-13T13:45:48.577038 #51483]  INFO -- : 0:  thread_safe (0.1.3) from /Users/shawnbroukhim/.rbenv/versions/2.1.0/lib/ruby/gems/2.1.0/specifications/thread_safe-0.1.3.gemspec
I, [2014-02-13T13:45:48.577269 #51483]  INFO -- : 0:  tzinfo (0.3.38) from /Users/shawnbroukhim/.rbenv/versions/2.1.0/lib/ruby/gems/2.1.0/specifications/tzinfo-0.3.38.gemspec
I, [2014-02-13T13:45:48.577503 #51483]  INFO -- : 0:  activesupport (4.0.2) from /Users/shawnbroukhim/.rbenv/versions/2.1.0/lib/ruby/gems/2.1.0/specifications/activesupport-4.0.2.gemspec
I, [2014-02-13T13:45:48.577726 #51483]  INFO -- : 0:  builder (3.1.4) from /Users/shawnbroukhim/.rbenv/versions/2.1.0/lib/ruby/gems/2.1.0/specifications/builder-3.1.4.gemspec
I, [2014-02-13T13:45:48.577949 #51483]  INFO -- : 0:  erubis (2.7.0) from /Users/shawnbroukhim/.rbenv/versions/2.1.0/lib/ruby/gems/2.1.0/specifications/erubis-2.7.0.gemspec
I, [2014-02-13T13:45:48.578173 #51483]  INFO -- : 0:  rack (1.5.2) from /Users/shawnbroukhim/.rbenv/versions/2.1.0/lib/ruby/gems/2.1.0/specifications/rack-1.5.2.gemspec
I, [2014-02-13T13:45:48.578388 #51483]  INFO -- : 0:  rack-test (0.6.2) from /Users/shawnbroukhim/.rbenv/versions/2.1.0/lib/ruby/gems/2.1.0/specifications/rack-test-0.6.2.gemspec
I, [2014-02-13T13:45:48.578618 #51483]  INFO -- : 0:  actionpack (4.0.2) from /Users/shawnbroukhim/.rbenv/versions/2.1.0/lib/ruby/gems/2.1.0/specifications/actionpack-4.0.2.gemspec
I, [2014-02-13T13:45:48.578840 #51483]  INFO -- : 0:  mime-types (1.25.1) from /Users/shawnbroukhim/.rbenv/versions/2.1.0/lib/ruby/gems/2.1.0/specifications/mime-types-1.25.1.gemspec
I, [2014-02-13T13:45:48.579068 #51483]  INFO -- : 0:  polyglot (0.3.3) from /Users/shawnbroukhim/.rbenv/versions/2.1.0/lib/ruby/gems/2.1.0/specifications/polyglot-0.3.3.gemspec
I, [2014-02-13T13:45:48.579288 #51483]  INFO -- : 0:  treetop (1.4.15) from /Users/shawnbroukhim/.rbenv/versions/2.1.0/lib/ruby/gems/2.1.0/specifications/treetop-1.4.15.gemspec
I, [2014-02-13T13:45:48.579496 #51483]  INFO -- : 0:  mail (2.5.4) from /Users/shawnbroukhim/.rbenv/versions/2.1.0/lib/ruby/gems/2.1.0/specifications/mail-2.5.4.gemspec
I, [2014-02-13T13:45:48.579719 #51483]  INFO -- : 0:  actionmailer (4.0.2) from /Users/shawnbroukhim/.rbenv/versions/2.1.0/lib/ruby/gems/2.1.0/specifications/actionmailer-4.0.2.gemspec
I, [2014-02-13T13:45:48.579948 #51483]  INFO -- : 0:  activemodel (4.0.2) from /Users/shawnbroukhim/.rbenv/versions/2.1.0/lib/ruby/gems/2.1.0/specifications/activemodel-4.0.2.gemspec
I, [2014-02-13T13:45:48.580187 #51483]  INFO -- : 0:  activerecord-deprecated_finders (1.0.3) from /Users/shawnbroukhim/.rbenv/versions/2.1.0/lib/ruby/gems/2.1.0/specifications/activerecord-deprecated_finders-1.0.3.gemspec
I, [2014-02-13T13:45:48.580419 #51483]  INFO -- : 0:  arel (4.0.2) from /Users/shawnbroukhim/.rbenv/versions/2.1.0/lib/ruby/gems/2.1.0/specifications/arel-4.0.2.gemspec
I, [2014-02-13T13:45:48.580667 #51483]  INFO -- : 0:  activerecord (4.0.2) from /Users/shawnbroukhim/.rbenv/versions/2.1.0/lib/ruby/gems/2.1.0/specifications/activerecord-4.0.2.gemspec
I, [2014-02-13T13:45:48.580878 #51483]  INFO -- : 0:  bundler (1.5.1) from /Users/shawnbroukhim/.rbenv/versions/2.1.0/lib/ruby/gems/2.1.0/specifications/bundler-1.5.1.gemspec
I, [2014-02-13T13:45:48.581115 #51483]  INFO -- : 0:  coffee-script-source (1.7.0) from /Users/shawnbroukhim/.rbenv/versions/2.1.0/lib/ruby/gems/2.1.0/specifications/coffee-script-source-1.7.0.gemspec
I, [2014-02-13T13:45:48.581337 #51483]  INFO -- : 0:  execjs (2.0.2) from /Users/shawnbroukhim/.rbenv/versions/2.1.0/lib/ruby/gems/2.1.0/specifications/execjs-2.0.2.gemspec
I, [2014-02-13T13:45:48.581570 #51483]  INFO -- : 0:  coffee-script (2.2.0) from /Users/shawnbroukhim/.rbenv/versions/2.1.0/lib/ruby/gems/2.1.0/specifications/coffee-script-2.2.0.gemspec
I, [2014-02-13T13:45:48.581770 #51483]  INFO -- : 0:  thor (0.18.1) from /Users/shawnbroukhim/.rbenv/versions/2.1.0/lib/ruby/gems/2.1.0/specifications/thor-0.18.1.gemspec
I, [2014-02-13T13:45:48.582020 #51483]  INFO -- : 0:  railties (4.0.2) from /Users/shawnbroukhim/.rbenv/versions/2.1.0/lib/ruby/gems/2.1.0/specifications/railties-4.0.2.gemspec
I, [2014-02-13T13:45:48.582241 #51483]  INFO -- : 0:  coffee-rails (4.0.1) from /Users/shawnbroukhim/.rbenv/versions/2.1.0/lib/ruby/gems/2.1.0/specifications/coffee-rails-4.0.1.gemspec
I, [2014-02-13T13:45:48.582462 #51483]  INFO -- : 0:  hike (1.2.3) from /Users/shawnbroukhim/.rbenv/versions/2.1.0/lib/ruby/gems/2.1.0/specifications/hike-1.2.3.gemspec
I, [2014-02-13T13:45:48.582684 #51483]  INFO -- : 0:  jbuilder (1.5.3) from /Users/shawnbroukhim/.rbenv/versions/2.1.0/lib/ruby/gems/2.1.0/specifications/jbuilder-1.5.3.gemspec
I, [2014-02-13T13:45:48.582902 #51483]  INFO -- : 0:  jquery-rails (3.1.0) from /Users/shawnbroukhim/.rbenv/versions/2.1.0/lib/ruby/gems/2.1.0/specifications/jquery-rails-3.1.0.gemspec
I, [2014-02-13T13:45:48.583099 #51483]  INFO -- : 0:  json (1.8.1) from /Users/shawnbroukhim/.rbenv/versions/2.1.0/lib/ruby/gems/2.1.0/specifications/default/json-1.8.1.gemspec
I, [2014-02-13T13:45:48.583316 #51483]  INFO -- : 0:  tilt (1.4.1) from /Users/shawnbroukhim/.rbenv/versions/2.1.0/lib/ruby/gems/2.1.0/specifications/tilt-1.4.1.gemspec
I, [2014-02-13T13:45:48.583534 #51483]  INFO -- : 0:  sprockets (2.10.1) from /Users/shawnbroukhim/.rbenv/versions/2.1.0/lib/ruby/gems/2.1.0/specifications/sprockets-2.10.1.gemspec
I, [2014-02-13T13:45:48.583758 #51483]  INFO -- : 0:  sprockets-rails (2.0.1) from /Users/shawnbroukhim/.rbenv/versions/2.1.0/lib/ruby/gems/2.1.0/specifications/sprockets-rails-2.0.1.gemspec
I, [2014-02-13T13:45:48.583974 #51483]  INFO -- : 0:  rails (4.0.2) from /Users/shawnbroukhim/.rbenv/versions/2.1.0/lib/ruby/gems/2.1.0/specifications/rails-4.0.2.gemspec
I, [2014-02-13T13:45:48.584211 #51483]  INFO -- : 0:  rdoc (4.1.1) from /Users/shawnbroukhim/.rbenv/versions/2.1.0/lib/ruby/gems/2.1.0/specifications/rdoc-4.1.1.gemspec
I, [2014-02-13T13:45:48.584434 #51483]  INFO -- : 0:  sass (3.2.14) from /Users/shawnbroukhim/.rbenv/versions/2.1.0/lib/ruby/gems/2.1.0/specifications/sass-3.2.14.gemspec
I, [2014-02-13T13:45:48.584644 #51483]  INFO -- : 0:  sass-rails (4.0.1) from /Users/shawnbroukhim/.rbenv/versions/2.1.0/lib/ruby/gems/2.1.0/specifications/sass-rails-4.0.1.gemspec
I, [2014-02-13T13:45:48.584872 #51483]  INFO -- : 0:  sdoc (0.4.0) from /Users/shawnbroukhim/.rbenv/versions/2.1.0/lib/ruby/gems/2.1.0/specifications/sdoc-0.4.0.gemspec
I, [2014-02-13T13:45:48.585083 #51483]  INFO -- : 0:  sqlite3 (1.3.8) from /Users/shawnbroukhim/.rbenv/versions/2.1.0/lib/ruby/gems/2.1.0/specifications/sqlite3-1.3.8.gemspec
I, [2014-02-13T13:45:48.585308 #51483]  INFO -- : 0:  turbolinks (2.2.1) from /Users/shawnbroukhim/.rbenv/versions/2.1.0/lib/ruby/gems/2.1.0/specifications/turbolinks-2.2.1.gemspec
I, [2014-02-13T13:45:48.585524 #51483]  INFO -- : 0:  uglifier (2.4.0) from /Users/shawnbroukhim/.rbenv/versions/2.1.0/lib/ruby/gems/2.1.0/specifications/uglifier-2.4.0.gemspec
I, [2014-02-13T17:11:14.969072 #54365]  INFO -- : 0:  rake (10.1.1) from /Users/shawnbroukhim/.rbenv/versions/2.1.0/lib/ruby/gems/2.1.0/specifications/rake-10.1.1.gemspec
I, [2014-02-13T17:11:14.969811 #54365]  INFO -- : 0:  i18n (0.6.9) from /Users/shawnbroukhim/.rbenv/versions/2.1.0/lib/ruby/gems/2.1.0/specifications/i18n-0.6.9.gemspec
I, [2014-02-13T17:11:14.970157 #54365]  INFO -- : 0:  minitest (4.7.5) from /Users/shawnbroukhim/.rbenv/versions/2.1.0/lib/ruby/gems/2.1.0/specifications/default/minitest-4.7.5.gemspec
I, [2014-02-13T17:11:14.970507 #54365]  INFO -- : 0:  multi_json (1.8.4) from /Users/shawnbroukhim/.rbenv/versions/2.1.0/lib/ruby/gems/2.1.0/specifications/multi_json-1.8.4.gemspec
I, [2014-02-13T17:11:14.970858 #54365]  INFO -- : 0:  atomic (1.1.14) from /Users/shawnbroukhim/.rbenv/versions/2.1.0/lib/ruby/gems/2.1.0/specifications/atomic-1.1.14.gemspec
I, [2014-02-13T17:11:14.971191 #54365]  INFO -- : 0:  thread_safe (0.1.3) from /Users/shawnbroukhim/.rbenv/versions/2.1.0/lib/ruby/gems/2.1.0/specifications/thread_safe-0.1.3.gemspec
I, [2014-02-13T17:11:14.971482 #54365]  INFO -- : 0:  tzinfo (0.3.38) from /Users/shawnbroukhim/.rbenv/versions/2.1.0/lib/ruby/gems/2.1.0/specifications/tzinfo-0.3.38.gemspec
I, [2014-02-13T17:11:14.971773 #54365]  INFO -- : 0:  activesupport (4.0.2) from /Users/shawnbroukhim/.rbenv/versions/2.1.0/lib/ruby/gems/2.1.0/specifications/activesupport-4.0.2.gemspec
I, [2014-02-13T17:11:14.972062 #54365]  INFO -- : 0:  builder (3.1.4) from /Users/shawnbroukhim/.rbenv/versions/2.1.0/lib/ruby/gems/2.1.0/specifications/builder-3.1.4.gemspec
I, [2014-02-13T17:11:14.972366 #54365]  INFO -- : 0:  erubis (2.7.0) from /Users/shawnbroukhim/.rbenv/versions/2.1.0/lib/ruby/gems/2.1.0/specifications/erubis-2.7.0.gemspec
I, [2014-02-13T17:11:14.972683 #54365]  INFO -- : 0:  rack (1.5.2) from /Users/shawnbroukhim/.rbenv/versions/2.1.0/lib/ruby/gems/2.1.0/specifications/rack-1.5.2.gemspec
I, [2014-02-13T17:11:14.972952 #54365]  INFO -- : 0:  rack-test (0.6.2) from /Users/shawnbroukhim/.rbenv/versions/2.1.0/lib/ruby/gems/2.1.0/specifications/rack-test-0.6.2.gemspec
I, [2014-02-13T17:11:14.973216 #54365]  INFO -- : 0:  actionpack (4.0.2) from /Users/shawnbroukhim/.rbenv/versions/2.1.0/lib/ruby/gems/2.1.0/specifications/actionpack-4.0.2.gemspec
I, [2014-02-13T17:11:14.973468 #54365]  INFO -- : 0:  mime-types (1.25.1) from /Users/shawnbroukhim/.rbenv/versions/2.1.0/lib/ruby/gems/2.1.0/specifications/mime-types-1.25.1.gemspec
I, [2014-02-13T17:11:14.973715 #54365]  INFO -- : 0:  polyglot (0.3.3) from /Users/shawnbroukhim/.rbenv/versions/2.1.0/lib/ruby/gems/2.1.0/specifications/polyglot-0.3.3.gemspec
I, [2014-02-13T17:11:14.973972 #54365]  INFO -- : 0:  treetop (1.4.15) from /Users/shawnbroukhim/.rbenv/versions/2.1.0/lib/ruby/gems/2.1.0/specifications/treetop-1.4.15.gemspec
I, [2014-02-13T17:11:14.974201 #54365]  INFO -- : 0:  mail (2.5.4) from /Users/shawnbroukhim/.rbenv/versions/2.1.0/lib/ruby/gems/2.1.0/specifications/mail-2.5.4.gemspec
I, [2014-02-13T17:11:14.974447 #54365]  INFO -- : 0:  actionmailer (4.0.2) from /Users/shawnbroukhim/.rbenv/versions/2.1.0/lib/ruby/gems/2.1.0/specifications/actionmailer-4.0.2.gemspec
I, [2014-02-13T17:11:14.974697 #54365]  INFO -- : 0:  activemodel (4.0.2) from /Users/shawnbroukhim/.rbenv/versions/2.1.0/lib/ruby/gems/2.1.0/specifications/activemodel-4.0.2.gemspec
I, [2014-02-13T17:11:14.974940 #54365]  INFO -- : 0:  activerecord-deprecated_finders (1.0.3) from /Users/shawnbroukhim/.rbenv/versions/2.1.0/lib/ruby/gems/2.1.0/specifications/activerecord-deprecated_finders-1.0.3.gemspec
I, [2014-02-13T17:11:14.975190 #54365]  INFO -- : 0:  arel (4.0.2) from /Users/shawnbroukhim/.rbenv/versions/2.1.0/lib/ruby/gems/2.1.0/specifications/arel-4.0.2.gemspec
I, [2014-02-13T17:11:14.975462 #54365]  INFO -- : 0:  activerecord (4.0.2) from /Users/shawnbroukhim/.rbenv/versions/2.1.0/lib/ruby/gems/2.1.0/specifications/activerecord-4.0.2.gemspec
I, [2014-02-13T17:11:14.975709 #54365]  INFO -- : 0:  bcrypt-ruby (3.1.2) from /Users/shawnbroukhim/.rbenv/versions/2.1.0/lib/ruby/gems/2.1.0/specifications/bcrypt-ruby-3.1.2.gemspec
I, [2014-02-13T17:11:14.975924 #54365]  INFO -- : 0:  bundler (1.5.1) from /Users/shawnbroukhim/.rbenv/versions/2.1.0/lib/ruby/gems/2.1.0/specifications/bundler-1.5.1.gemspec
I, [2014-02-13T17:11:16.228283 #54365]  INFO -- : 0:  climate_control (0.0.3) from /Users/shawnbroukhim/.rbenv/versions/2.1.0/lib/ruby/gems/2.1.0/specifications/climate_control-0.0.3.gemspec
I, [2014-02-13T17:11:16.968778 #54365]  INFO -- : 0:  cocaine (0.5.1) from /Users/shawnbroukhim/.rbenv/versions/2.1.0/lib/ruby/gems/2.1.0/specifications/cocaine-0.5.1.gemspec
I, [2014-02-13T17:11:16.969248 #54365]  INFO -- : 0:  coderay (1.1.0) from /Users/shawnbroukhim/.rbenv/versions/2.1.0/lib/ruby/gems/2.1.0/specifications/coderay-1.1.0.gemspec
I, [2014-02-13T17:11:16.969596 #54365]  INFO -- : 0:  coffee-script-source (1.7.0) from /Users/shawnbroukhim/.rbenv/versions/2.1.0/lib/ruby/gems/2.1.0/specifications/coffee-script-source-1.7.0.gemspec
I, [2014-02-13T17:11:16.969977 #54365]  INFO -- : 0:  execjs (2.0.2) from /Users/shawnbroukhim/.rbenv/versions/2.1.0/lib/ruby/gems/2.1.0/specifications/execjs-2.0.2.gemspec
I, [2014-02-13T17:11:16.970204 #54365]  INFO -- : 0:  coffee-script (2.2.0) from /Users/shawnbroukhim/.rbenv/versions/2.1.0/lib/ruby/gems/2.1.0/specifications/coffee-script-2.2.0.gemspec
I, [2014-02-13T17:11:16.970428 #54365]  INFO -- : 0:  thor (0.18.1) from /Users/shawnbroukhim/.rbenv/versions/2.1.0/lib/ruby/gems/2.1.0/specifications/thor-0.18.1.gemspec
I, [2014-02-13T17:11:16.970645 #54365]  INFO -- : 0:  railties (4.0.2) from /Users/shawnbroukhim/.rbenv/versions/2.1.0/lib/ruby/gems/2.1.0/specifications/railties-4.0.2.gemspec
I, [2014-02-13T17:11:16.970852 #54365]  INFO -- : 0:  coffee-rails (4.0.1) from /Users/shawnbroukhim/.rbenv/versions/2.1.0/lib/ruby/gems/2.1.0/specifications/coffee-rails-4.0.1.gemspec
I, [2014-02-13T17:11:16.971067 #54365]  INFO -- : 0:  hike (1.2.3) from /Users/shawnbroukhim/.rbenv/versions/2.1.0/lib/ruby/gems/2.1.0/specifications/hike-1.2.3.gemspec
I, [2014-02-13T17:11:16.971257 #54365]  INFO -- : 0:  json (1.8.1) from /Users/shawnbroukhim/.rbenv/versions/2.1.0/lib/ruby/gems/2.1.0/specifications/default/json-1.8.1.gemspec
I, [2014-02-13T17:11:16.971478 #54365]  INFO -- : 0:  multi_xml (0.5.5) from /Users/shawnbroukhim/.rbenv/versions/2.1.0/lib/ruby/gems/2.1.0/specifications/multi_xml-0.5.5.gemspec
I, [2014-02-13T17:11:16.971695 #54365]  INFO -- : 0:  httparty (0.12.0) from /Users/shawnbroukhim/.rbenv/versions/2.1.0/lib/ruby/gems/2.1.0/specifications/httparty-0.12.0.gemspec
I, [2014-02-13T17:11:16.971913 #54365]  INFO -- : 0:  jbuilder (1.5.3) from /Users/shawnbroukhim/.rbenv/versions/2.1.0/lib/ruby/gems/2.1.0/specifications/jbuilder-1.5.3.gemspec
I, [2014-02-13T17:11:16.972152 #54365]  INFO -- : 0:  jquery-rails (3.1.0) from /Users/shawnbroukhim/.rbenv/versions/2.1.0/lib/ruby/gems/2.1.0/specifications/jquery-rails-3.1.0.gemspec
I, [2014-02-13T17:11:16.972370 #54365]  INFO -- : 0:  method_source (0.8.2) from /Users/shawnbroukhim/.rbenv/versions/2.1.0/lib/ruby/gems/2.1.0/specifications/method_source-0.8.2.gemspec
I, [2014-02-13T17:11:16.972594 #54365]  INFO -- : 0:  slop (3.4.7) from /Users/shawnbroukhim/.rbenv/versions/2.1.0/lib/ruby/gems/2.1.0/specifications/slop-3.4.7.gemspec
I, [2014-02-13T17:11:16.972807 #54365]  INFO -- : 0:  pry (0.9.12.6) from /Users/shawnbroukhim/.rbenv/versions/2.1.0/lib/ruby/gems/2.1.0/specifications/pry-0.9.12.6.gemspec
I, [2014-02-13T17:11:16.973020 #54365]  INFO -- : 0:  pry-rails (0.3.2) from /Users/shawnbroukhim/.rbenv/versions/2.1.0/lib/ruby/gems/2.1.0/specifications/pry-rails-0.3.2.gemspec
I, [2014-02-13T17:11:18.016260 #54365]  INFO -- : 0:  psql (0.0.1) from /Users/shawnbroukhim/.rbenv/versions/2.1.0/lib/ruby/gems/2.1.0/specifications/psql-0.0.1.gemspec
I, [2014-02-13T17:11:18.016677 #54365]  INFO -- : 0:  tilt (1.4.1) from /Users/shawnbroukhim/.rbenv/versions/2.1.0/lib/ruby/gems/2.1.0/specifications/tilt-1.4.1.gemspec
I, [2014-02-13T17:11:18.016997 #54365]  INFO -- : 0:  sprockets (2.10.1) from /Users/shawnbroukhim/.rbenv/versions/2.1.0/lib/ruby/gems/2.1.0/specifications/sprockets-2.10.1.gemspec
I, [2014-02-13T17:11:18.017257 #54365]  INFO -- : 0:  sprockets-rails (2.0.1) from /Users/shawnbroukhim/.rbenv/versions/2.1.0/lib/ruby/gems/2.1.0/specifications/sprockets-rails-2.0.1.gemspec
I, [2014-02-13T17:11:18.017520 #54365]  INFO -- : 0:  rails (4.0.2) from /Users/shawnbroukhim/.rbenv/versions/2.1.0/lib/ruby/gems/2.1.0/specifications/rails-4.0.2.gemspec
I, [2014-02-13T17:11:18.017792 #54365]  INFO -- : 0:  rdoc (4.1.1) from /Users/shawnbroukhim/.rbenv/versions/2.1.0/lib/ruby/gems/2.1.0/specifications/rdoc-4.1.1.gemspec
I, [2014-02-13T17:11:18.018054 #54365]  INFO -- : 0:  sass (3.2.14) from /Users/shawnbroukhim/.rbenv/versions/2.1.0/lib/ruby/gems/2.1.0/specifications/sass-3.2.14.gemspec
I, [2014-02-13T17:11:18.018327 #54365]  INFO -- : 0:  sass-rails (4.0.1) from /Users/shawnbroukhim/.rbenv/versions/2.1.0/lib/ruby/gems/2.1.0/specifications/sass-rails-4.0.1.gemspec
I, [2014-02-13T17:11:18.018592 #54365]  INFO -- : 0:  sdoc (0.4.0) from /Users/shawnbroukhim/.rbenv/versions/2.1.0/lib/ruby/gems/2.1.0/specifications/sdoc-0.4.0.gemspec
I, [2014-02-13T17:11:18.018847 #54365]  INFO -- : 0:  sqlite3 (1.3.8) from /Users/shawnbroukhim/.rbenv/versions/2.1.0/lib/ruby/gems/2.1.0/specifications/sqlite3-1.3.8.gemspec
I, [2014-02-13T17:11:18.019106 #54365]  INFO -- : 0:  turbolinks (2.2.1) from /Users/shawnbroukhim/.rbenv/versions/2.1.0/lib/ruby/gems/2.1.0/specifications/turbolinks-2.2.1.gemspec
I, [2014-02-13T17:11:18.019361 #54365]  INFO -- : 0:  uglifier (2.4.0) from /Users/shawnbroukhim/.rbenv/versions/2.1.0/lib/ruby/gems/2.1.0/specifications/uglifier-2.4.0.gemspec
I, [2014-02-13T17:15:52.165329 #54775]  INFO -- : 0:  rake (10.1.1) from /Users/shawnbroukhim/.rbenv/versions/2.1.0/lib/ruby/gems/2.1.0/specifications/rake-10.1.1.gemspec
I, [2014-02-13T17:15:52.165705 #54775]  INFO -- : 0:  i18n (0.6.9) from /Users/shawnbroukhim/.rbenv/versions/2.1.0/lib/ruby/gems/2.1.0/specifications/i18n-0.6.9.gemspec
I, [2014-02-13T17:15:52.165925 #54775]  INFO -- : 0:  minitest (4.7.5) from /Users/shawnbroukhim/.rbenv/versions/2.1.0/lib/ruby/gems/2.1.0/specifications/default/minitest-4.7.5.gemspec
I, [2014-02-13T17:15:52.166153 #54775]  INFO -- : 0:  multi_json (1.8.4) from /Users/shawnbroukhim/.rbenv/versions/2.1.0/lib/ruby/gems/2.1.0/specifications/multi_json-1.8.4.gemspec
I, [2014-02-13T17:15:52.166378 #54775]  INFO -- : 0:  atomic (1.1.14) from /Users/shawnbroukhim/.rbenv/versions/2.1.0/lib/ruby/gems/2.1.0/specifications/atomic-1.1.14.gemspec
I, [2014-02-13T17:15:52.166615 #54775]  INFO -- : 0:  thread_safe (0.1.3) from /Users/shawnbroukhim/.rbenv/versions/2.1.0/lib/ruby/gems/2.1.0/specifications/thread_safe-0.1.3.gemspec
I, [2014-02-13T17:15:52.166847 #54775]  INFO -- : 0:  tzinfo (0.3.38) from /Users/shawnbroukhim/.rbenv/versions/2.1.0/lib/ruby/gems/2.1.0/specifications/tzinfo-0.3.38.gemspec
I, [2014-02-13T17:15:52.167071 #54775]  INFO -- : 0:  activesupport (4.0.2) from /Users/shawnbroukhim/.rbenv/versions/2.1.0/lib/ruby/gems/2.1.0/specifications/activesupport-4.0.2.gemspec
I, [2014-02-13T17:15:52.167326 #54775]  INFO -- : 0:  builder (3.1.4) from /Users/shawnbroukhim/.rbenv/versions/2.1.0/lib/ruby/gems/2.1.0/specifications/builder-3.1.4.gemspec
I, [2014-02-13T17:15:52.167565 #54775]  INFO -- : 0:  erubis (2.7.0) from /Users/shawnbroukhim/.rbenv/versions/2.1.0/lib/ruby/gems/2.1.0/specifications/erubis-2.7.0.gemspec
I, [2014-02-13T17:15:52.167813 #54775]  INFO -- : 0:  rack (1.5.2) from /Users/shawnbroukhim/.rbenv/versions/2.1.0/lib/ruby/gems/2.1.0/specifications/rack-1.5.2.gemspec
I, [2014-02-13T17:15:52.168031 #54775]  INFO -- : 0:  rack-test (0.6.2) from /Users/shawnbroukhim/.rbenv/versions/2.1.0/lib/ruby/gems/2.1.0/specifications/rack-test-0.6.2.gemspec
I, [2014-02-13T17:15:52.168265 #54775]  INFO -- : 0:  actionpack (4.0.2) from /Users/shawnbroukhim/.rbenv/versions/2.1.0/lib/ruby/gems/2.1.0/specifications/actionpack-4.0.2.gemspec
I, [2014-02-13T17:15:52.168494 #54775]  INFO -- : 0:  mime-types (1.25.1) from /Users/shawnbroukhim/.rbenv/versions/2.1.0/lib/ruby/gems/2.1.0/specifications/mime-types-1.25.1.gemspec
I, [2014-02-13T17:15:52.168753 #54775]  INFO -- : 0:  polyglot (0.3.3) from /Users/shawnbroukhim/.rbenv/versions/2.1.0/lib/ruby/gems/2.1.0/specifications/polyglot-0.3.3.gemspec
I, [2014-02-13T17:15:52.168975 #54775]  INFO -- : 0:  treetop (1.4.15) from /Users/shawnbroukhim/.rbenv/versions/2.1.0/lib/ruby/gems/2.1.0/specifications/treetop-1.4.15.gemspec
I, [2014-02-13T17:15:52.169221 #54775]  INFO -- : 0:  mail (2.5.4) from /Users/shawnbroukhim/.rbenv/versions/2.1.0/lib/ruby/gems/2.1.0/specifications/mail-2.5.4.gemspec
I, [2014-02-13T17:15:52.169456 #54775]  INFO -- : 0:  actionmailer (4.0.2) from /Users/shawnbroukhim/.rbenv/versions/2.1.0/lib/ruby/gems/2.1.0/specifications/actionmailer-4.0.2.gemspec
I, [2014-02-13T17:15:52.169687 #54775]  INFO -- : 0:  activemodel (4.0.2) from /Users/shawnbroukhim/.rbenv/versions/2.1.0/lib/ruby/gems/2.1.0/specifications/activemodel-4.0.2.gemspec
I, [2014-02-13T17:15:52.170255 #54775]  INFO -- : 0:  activerecord-deprecated_finders (1.0.3) from /Users/shawnbroukhim/.rbenv/versions/2.1.0/lib/ruby/gems/2.1.0/specifications/activerecord-deprecated_finders-1.0.3.gemspec
I, [2014-02-13T17:15:52.170695 #54775]  INFO -- : 0:  arel (4.0.2) from /Users/shawnbroukhim/.rbenv/versions/2.1.0/lib/ruby/gems/2.1.0/specifications/arel-4.0.2.gemspec
I, [2014-02-13T17:15:52.170938 #54775]  INFO -- : 0:  activerecord (4.0.2) from /Users/shawnbroukhim/.rbenv/versions/2.1.0/lib/ruby/gems/2.1.0/specifications/activerecord-4.0.2.gemspec
I, [2014-02-13T17:15:52.171159 #54775]  INFO -- : 0:  bcrypt-ruby (3.1.2) from /Users/shawnbroukhim/.rbenv/versions/2.1.0/lib/ruby/gems/2.1.0/specifications/bcrypt-ruby-3.1.2.gemspec
I, [2014-02-13T17:15:52.171369 #54775]  INFO -- : 0:  bundler (1.5.1) from /Users/shawnbroukhim/.rbenv/versions/2.1.0/lib/ruby/gems/2.1.0/specifications/bundler-1.5.1.gemspec
I, [2014-02-13T17:15:52.171605 #54775]  INFO -- : 0:  climate_control (0.0.3) from /Users/shawnbroukhim/.rbenv/versions/2.1.0/lib/ruby/gems/2.1.0/specifications/climate_control-0.0.3.gemspec
I, [2014-02-13T17:15:52.171863 #54775]  INFO -- : 0:  cocaine (0.5.1) from /Users/shawnbroukhim/.rbenv/versions/2.1.0/lib/ruby/gems/2.1.0/specifications/cocaine-0.5.1.gemspec
I, [2014-02-13T17:15:52.172100 #54775]  INFO -- : 0:  coderay (1.1.0) from /Users/shawnbroukhim/.rbenv/versions/2.1.0/lib/ruby/gems/2.1.0/specifications/coderay-1.1.0.gemspec
I, [2014-02-13T17:15:52.172336 #54775]  INFO -- : 0:  coffee-script-source (1.7.0) from /Users/shawnbroukhim/.rbenv/versions/2.1.0/lib/ruby/gems/2.1.0/specifications/coffee-script-source-1.7.0.gemspec
I, [2014-02-13T17:15:52.172581 #54775]  INFO -- : 0:  execjs (2.0.2) from /Users/shawnbroukhim/.rbenv/versions/2.1.0/lib/ruby/gems/2.1.0/specifications/execjs-2.0.2.gemspec
I, [2014-02-13T17:15:52.172816 #54775]  INFO -- : 0:  coffee-script (2.2.0) from /Users/shawnbroukhim/.rbenv/versions/2.1.0/lib/ruby/gems/2.1.0/specifications/coffee-script-2.2.0.gemspec
I, [2014-02-13T17:15:52.173068 #54775]  INFO -- : 0:  thor (0.18.1) from /Users/shawnbroukhim/.rbenv/versions/2.1.0/lib/ruby/gems/2.1.0/specifications/thor-0.18.1.gemspec
I, [2014-02-13T17:15:52.173293 #54775]  INFO -- : 0:  railties (4.0.2) from /Users/shawnbroukhim/.rbenv/versions/2.1.0/lib/ruby/gems/2.1.0/specifications/railties-4.0.2.gemspec
I, [2014-02-13T17:15:52.173526 #54775]  INFO -- : 0:  coffee-rails (4.0.1) from /Users/shawnbroukhim/.rbenv/versions/2.1.0/lib/ruby/gems/2.1.0/specifications/coffee-rails-4.0.1.gemspec
I, [2014-02-13T17:15:52.173755 #54775]  INFO -- : 0:  hike (1.2.3) from /Users/shawnbroukhim/.rbenv/versions/2.1.0/lib/ruby/gems/2.1.0/specifications/hike-1.2.3.gemspec
I, [2014-02-13T17:15:52.173948 #54775]  INFO -- : 0:  json (1.8.1) from /Users/shawnbroukhim/.rbenv/versions/2.1.0/lib/ruby/gems/2.1.0/specifications/default/json-1.8.1.gemspec
I, [2014-02-13T17:15:52.174187 #54775]  INFO -- : 0:  multi_xml (0.5.5) from /Users/shawnbroukhim/.rbenv/versions/2.1.0/lib/ruby/gems/2.1.0/specifications/multi_xml-0.5.5.gemspec
I, [2014-02-13T17:15:52.174424 #54775]  INFO -- : 0:  httparty (0.12.0) from /Users/shawnbroukhim/.rbenv/versions/2.1.0/lib/ruby/gems/2.1.0/specifications/httparty-0.12.0.gemspec
I, [2014-02-13T17:15:52.174671 #54775]  INFO -- : 0:  jbuilder (1.5.3) from /Users/shawnbroukhim/.rbenv/versions/2.1.0/lib/ruby/gems/2.1.0/specifications/jbuilder-1.5.3.gemspec
I, [2014-02-13T17:15:52.174946 #54775]  INFO -- : 0:  jquery-rails (3.1.0) from /Users/shawnbroukhim/.rbenv/versions/2.1.0/lib/ruby/gems/2.1.0/specifications/jquery-rails-3.1.0.gemspec
I, [2014-02-13T17:15:52.175163 #54775]  INFO -- : 0:  method_source (0.8.2) from /Users/shawnbroukhim/.rbenv/versions/2.1.0/lib/ruby/gems/2.1.0/specifications/method_source-0.8.2.gemspec
I, [2014-02-13T17:15:52.175390 #54775]  INFO -- : 0:  pg (0.17.1) from /Users/shawnbroukhim/.rbenv/versions/2.1.0/lib/ruby/gems/2.1.0/specifications/pg-0.17.1.gemspec
I, [2014-02-13T17:15:52.175623 #54775]  INFO -- : 0:  slop (3.4.7) from /Users/shawnbroukhim/.rbenv/versions/2.1.0/lib/ruby/gems/2.1.0/specifications/slop-3.4.7.gemspec
I, [2014-02-13T17:15:52.175864 #54775]  INFO -- : 0:  pry (0.9.12.6) from /Users/shawnbroukhim/.rbenv/versions/2.1.0/lib/ruby/gems/2.1.0/specifications/pry-0.9.12.6.gemspec
I, [2014-02-13T17:15:52.176115 #54775]  INFO -- : 0:  pry-rails (0.3.2) from /Users/shawnbroukhim/.rbenv/versions/2.1.0/lib/ruby/gems/2.1.0/specifications/pry-rails-0.3.2.gemspec
I, [2014-02-13T17:15:52.176357 #54775]  INFO -- : 0:  psql (0.0.1) from /Users/shawnbroukhim/.rbenv/versions/2.1.0/lib/ruby/gems/2.1.0/specifications/psql-0.0.1.gemspec
I, [2014-02-13T17:15:52.176588 #54775]  INFO -- : 0:  tilt (1.4.1) from /Users/shawnbroukhim/.rbenv/versions/2.1.0/lib/ruby/gems/2.1.0/specifications/tilt-1.4.1.gemspec
I, [2014-02-13T17:15:52.177052 #54775]  INFO -- : 0:  sprockets (2.10.1) from /Users/shawnbroukhim/.rbenv/versions/2.1.0/lib/ruby/gems/2.1.0/specifications/sprockets-2.10.1.gemspec
I, [2014-02-13T17:15:52.177472 #54775]  INFO -- : 0:  sprockets-rails (2.0.1) from /Users/shawnbroukhim/.rbenv/versions/2.1.0/lib/ruby/gems/2.1.0/specifications/sprockets-rails-2.0.1.gemspec
I, [2014-02-13T17:15:52.177970 #54775]  INFO -- : 0:  rails (4.0.2) from /Users/shawnbroukhim/.rbenv/versions/2.1.0/lib/ruby/gems/2.1.0/specifications/rails-4.0.2.gemspec
I, [2014-02-13T17:15:52.178328 #54775]  INFO -- : 0:  rdoc (4.1.1) from /Users/shawnbroukhim/.rbenv/versions/2.1.0/lib/ruby/gems/2.1.0/specifications/rdoc-4.1.1.gemspec
I, [2014-02-13T17:15:52.178685 #54775]  INFO -- : 0:  sass (3.2.14) from /Users/shawnbroukhim/.rbenv/versions/2.1.0/lib/ruby/gems/2.1.0/specifications/sass-3.2.14.gemspec
I, [2014-02-13T17:15:52.179076 #54775]  INFO -- : 0:  sass-rails (4.0.1) from /Users/shawnbroukhim/.rbenv/versions/2.1.0/lib/ruby/gems/2.1.0/specifications/sass-rails-4.0.1.gemspec
I, [2014-02-13T17:15:52.179459 #54775]  INFO -- : 0:  sdoc (0.4.0) from /Users/shawnbroukhim/.rbenv/versions/2.1.0/lib/ruby/gems/2.1.0/specifications/sdoc-0.4.0.gemspec
I, [2014-02-13T17:15:52.179866 #54775]  INFO -- : 0:  sqlite3 (1.3.8) from /Users/shawnbroukhim/.rbenv/versions/2.1.0/lib/ruby/gems/2.1.0/specifications/sqlite3-1.3.8.gemspec
I, [2014-02-13T17:15:52.180195 #54775]  INFO -- : 0:  turbolinks (2.2.1) from /Users/shawnbroukhim/.rbenv/versions/2.1.0/lib/ruby/gems/2.1.0/specifications/turbolinks-2.2.1.gemspec
I, [2014-02-13T17:15:52.180524 #54775]  INFO -- : 0:  uglifier (2.4.0) from /Users/shawnbroukhim/.rbenv/versions/2.1.0/lib/ruby/gems/2.1.0/specifications/uglifier-2.4.0.gemspec
I, [2014-02-17T13:42:50.225954 #79019]  INFO -- : 0:  rake (10.1.1) from /Users/shawnbroukhim/.rbenv/versions/2.1.0/lib/ruby/gems/2.1.0/specifications/rake-10.1.1.gemspec
I, [2014-02-17T13:42:50.226602 #79019]  INFO -- : 0:  i18n (0.6.9) from /Users/shawnbroukhim/.rbenv/versions/2.1.0/lib/ruby/gems/2.1.0/specifications/i18n-0.6.9.gemspec
I, [2014-02-17T13:42:50.226840 #79019]  INFO -- : 0:  minitest (4.7.5) from /Users/shawnbroukhim/.rbenv/versions/2.1.0/lib/ruby/gems/2.1.0/specifications/default/minitest-4.7.5.gemspec
I, [2014-02-17T13:42:50.227200 #79019]  INFO -- : 0:  multi_json (1.8.4) from /Users/shawnbroukhim/.rbenv/versions/2.1.0/lib/ruby/gems/2.1.0/specifications/multi_json-1.8.4.gemspec
I, [2014-02-17T13:42:50.227564 #79019]  INFO -- : 0:  atomic (1.1.14) from /Users/shawnbroukhim/.rbenv/versions/2.1.0/lib/ruby/gems/2.1.0/specifications/atomic-1.1.14.gemspec
I, [2014-02-17T13:42:50.228130 #79019]  INFO -- : 0:  thread_safe (0.1.3) from /Users/shawnbroukhim/.rbenv/versions/2.1.0/lib/ruby/gems/2.1.0/specifications/thread_safe-0.1.3.gemspec
I, [2014-02-17T13:42:50.228460 #79019]  INFO -- : 0:  tzinfo (0.3.38) from /Users/shawnbroukhim/.rbenv/versions/2.1.0/lib/ruby/gems/2.1.0/specifications/tzinfo-0.3.38.gemspec
I, [2014-02-17T13:42:50.228777 #79019]  INFO -- : 0:  activesupport (4.0.2) from /Users/shawnbroukhim/.rbenv/versions/2.1.0/lib/ruby/gems/2.1.0/specifications/activesupport-4.0.2.gemspec
I, [2014-02-17T13:42:50.229057 #79019]  INFO -- : 0:  builder (3.1.4) from /Users/shawnbroukhim/.rbenv/versions/2.1.0/lib/ruby/gems/2.1.0/specifications/builder-3.1.4.gemspec
I, [2014-02-17T13:42:50.229334 #79019]  INFO -- : 0:  erubis (2.7.0) from /Users/shawnbroukhim/.rbenv/versions/2.1.0/lib/ruby/gems/2.1.0/specifications/erubis-2.7.0.gemspec
I, [2014-02-17T13:42:50.229609 #79019]  INFO -- : 0:  rack (1.5.2) from /Users/shawnbroukhim/.rbenv/versions/2.1.0/lib/ruby/gems/2.1.0/specifications/rack-1.5.2.gemspec
I, [2014-02-17T13:42:50.229888 #79019]  INFO -- : 0:  rack-test (0.6.2) from /Users/shawnbroukhim/.rbenv/versions/2.1.0/lib/ruby/gems/2.1.0/specifications/rack-test-0.6.2.gemspec
I, [2014-02-17T13:42:50.230168 #79019]  INFO -- : 0:  actionpack (4.0.2) from /Users/shawnbroukhim/.rbenv/versions/2.1.0/lib/ruby/gems/2.1.0/specifications/actionpack-4.0.2.gemspec
I, [2014-02-17T13:42:50.230448 #79019]  INFO -- : 0:  mime-types (1.25.1) from /Users/shawnbroukhim/.rbenv/versions/2.1.0/lib/ruby/gems/2.1.0/specifications/mime-types-1.25.1.gemspec
I, [2014-02-17T13:42:50.230725 #79019]  INFO -- : 0:  polyglot (0.3.3) from /Users/shawnbroukhim/.rbenv/versions/2.1.0/lib/ruby/gems/2.1.0/specifications/polyglot-0.3.3.gemspec
I, [2014-02-17T13:42:50.230999 #79019]  INFO -- : 0:  treetop (1.4.15) from /Users/shawnbroukhim/.rbenv/versions/2.1.0/lib/ruby/gems/2.1.0/specifications/treetop-1.4.15.gemspec
I, [2014-02-17T13:42:50.231275 #79019]  INFO -- : 0:  mail (2.5.4) from /Users/shawnbroukhim/.rbenv/versions/2.1.0/lib/ruby/gems/2.1.0/specifications/mail-2.5.4.gemspec
I, [2014-02-17T13:42:50.231553 #79019]  INFO -- : 0:  actionmailer (4.0.2) from /Users/shawnbroukhim/.rbenv/versions/2.1.0/lib/ruby/gems/2.1.0/specifications/actionmailer-4.0.2.gemspec
I, [2014-02-17T13:42:50.231825 #79019]  INFO -- : 0:  activemodel (4.0.2) from /Users/shawnbroukhim/.rbenv/versions/2.1.0/lib/ruby/gems/2.1.0/specifications/activemodel-4.0.2.gemspec
I, [2014-02-17T13:42:50.232106 #79019]  INFO -- : 0:  activerecord-deprecated_finders (1.0.3) from /Users/shawnbroukhim/.rbenv/versions/2.1.0/lib/ruby/gems/2.1.0/specifications/activerecord-deprecated_finders-1.0.3.gemspec
I, [2014-02-17T13:42:50.232479 #79019]  INFO -- : 0:  arel (4.0.2) from /Users/shawnbroukhim/.rbenv/versions/2.1.0/lib/ruby/gems/2.1.0/specifications/arel-4.0.2.gemspec
I, [2014-02-17T13:42:50.232865 #79019]  INFO -- : 0:  activerecord (4.0.2) from /Users/shawnbroukhim/.rbenv/versions/2.1.0/lib/ruby/gems/2.1.0/specifications/activerecord-4.0.2.gemspec
I, [2014-02-17T13:42:50.233204 #79019]  INFO -- : 0:  addressable (2.3.5) from /Users/shawnbroukhim/.rbenv/versions/2.1.0/lib/ruby/gems/2.1.0/specifications/addressable-2.3.5.gemspec
I, [2014-02-17T13:42:50.233586 #79019]  INFO -- : 0:  bcrypt-ruby (3.1.2) from /Users/shawnbroukhim/.rbenv/versions/2.1.0/lib/ruby/gems/2.1.0/specifications/bcrypt-ruby-3.1.2.gemspec
I, [2014-02-17T13:42:50.233969 #79019]  INFO -- : 0:  buftok (0.2.0) from /Users/shawnbroukhim/.rbenv/versions/2.1.0/lib/ruby/gems/2.1.0/specifications/buftok-0.2.0.gemspec
I, [2014-02-17T13:42:50.234365 #79019]  INFO -- : 0:  bundler (1.5.1) from /Users/shawnbroukhim/.rbenv/versions/2.1.0/lib/ruby/gems/2.1.0/specifications/bundler-1.5.1.gemspec
I, [2014-02-17T13:42:50.234635 #79019]  INFO -- : 0:  climate_control (0.0.3) from /Users/shawnbroukhim/.rbenv/versions/2.1.0/lib/ruby/gems/2.1.0/specifications/climate_control-0.0.3.gemspec
I, [2014-02-17T13:42:50.237452 #79019]  INFO -- : 0:  cocaine (0.5.1) from /Users/shawnbroukhim/.rbenv/versions/2.1.0/lib/ruby/gems/2.1.0/specifications/cocaine-0.5.1.gemspec
I, [2014-02-17T13:42:50.237855 #79019]  INFO -- : 0:  coderay (1.1.0) from /Users/shawnbroukhim/.rbenv/versions/2.1.0/lib/ruby/gems/2.1.0/specifications/coderay-1.1.0.gemspec
I, [2014-02-17T13:42:50.238197 #79019]  INFO -- : 0:  coffee-script-source (1.7.0) from /Users/shawnbroukhim/.rbenv/versions/2.1.0/lib/ruby/gems/2.1.0/specifications/coffee-script-source-1.7.0.gemspec
I, [2014-02-17T13:42:50.238536 #79019]  INFO -- : 0:  execjs (2.0.2) from /Users/shawnbroukhim/.rbenv/versions/2.1.0/lib/ruby/gems/2.1.0/specifications/execjs-2.0.2.gemspec
I, [2014-02-17T13:42:50.238847 #79019]  INFO -- : 0:  coffee-script (2.2.0) from /Users/shawnbroukhim/.rbenv/versions/2.1.0/lib/ruby/gems/2.1.0/specifications/coffee-script-2.2.0.gemspec
I, [2014-02-17T13:42:50.239156 #79019]  INFO -- : 0:  thor (0.18.1) from /Users/shawnbroukhim/.rbenv/versions/2.1.0/lib/ruby/gems/2.1.0/specifications/thor-0.18.1.gemspec
I, [2014-02-17T13:42:50.239463 #79019]  INFO -- : 0:  railties (4.0.2) from /Users/shawnbroukhim/.rbenv/versions/2.1.0/lib/ruby/gems/2.1.0/specifications/railties-4.0.2.gemspec
I, [2014-02-17T13:42:50.239748 #79019]  INFO -- : 0:  coffee-rails (4.0.1) from /Users/shawnbroukhim/.rbenv/versions/2.1.0/lib/ruby/gems/2.1.0/specifications/coffee-rails-4.0.1.gemspec
I, [2014-02-17T13:42:50.240041 #79019]  INFO -- : 0:  descendants_tracker (0.0.3) from /Users/shawnbroukhim/.rbenv/versions/2.1.0/lib/ruby/gems/2.1.0/specifications/descendants_tracker-0.0.3.gemspec
I, [2014-02-17T13:42:50.240344 #79019]  INFO -- : 0:  equalizer (0.0.9) from /Users/shawnbroukhim/.rbenv/versions/2.1.0/lib/ruby/gems/2.1.0/specifications/equalizer-0.0.9.gemspec
I, [2014-02-17T13:42:50.240627 #79019]  INFO -- : 0:  multipart-post (2.0.0) from /Users/shawnbroukhim/.rbenv/versions/2.1.0/lib/ruby/gems/2.1.0/specifications/multipart-post-2.0.0.gemspec
I, [2014-02-17T13:42:50.240950 #79019]  INFO -- : 0:  faraday (0.9.0) from /Users/shawnbroukhim/.rbenv/versions/2.1.0/lib/ruby/gems/2.1.0/specifications/faraday-0.9.0.gemspec
I, [2014-02-17T13:42:50.241210 #79019]  INFO -- : 0:  hike (1.2.3) from /Users/shawnbroukhim/.rbenv/versions/2.1.0/lib/ruby/gems/2.1.0/specifications/hike-1.2.3.gemspec
I, [2014-02-17T13:42:50.241521 #79019]  INFO -- : 0:  http_parser.rb (0.6.0) from /Users/shawnbroukhim/.rbenv/versions/2.1.0/lib/ruby/gems/2.1.0/specifications/http_parser.rb-0.6.0.gemspec
I, [2014-02-17T13:42:50.241809 #79019]  INFO -- : 0:  http (0.5.0) from /Users/shawnbroukhim/.rbenv/versions/2.1.0/lib/ruby/gems/2.1.0/specifications/http-0.5.0.gemspec
I, [2014-02-17T13:42:50.242057 #79019]  INFO -- : 0:  json (1.8.1) from /Users/shawnbroukhim/.rbenv/versions/2.1.0/lib/ruby/gems/2.1.0/specifications/default/json-1.8.1.gemspec
I, [2014-02-17T13:42:50.242296 #79019]  INFO -- : 0:  multi_xml (0.5.5) from /Users/shawnbroukhim/.rbenv/versions/2.1.0/lib/ruby/gems/2.1.0/specifications/multi_xml-0.5.5.gemspec
I, [2014-02-17T13:42:50.242526 #79019]  INFO -- : 0:  httparty (0.12.0) from /Users/shawnbroukhim/.rbenv/versions/2.1.0/lib/ruby/gems/2.1.0/specifications/httparty-0.12.0.gemspec
I, [2014-02-17T13:42:50.242783 #79019]  INFO -- : 0:  jbuilder (1.5.3) from /Users/shawnbroukhim/.rbenv/versions/2.1.0/lib/ruby/gems/2.1.0/specifications/jbuilder-1.5.3.gemspec
I, [2014-02-17T13:42:50.243016 #79019]  INFO -- : 0:  jquery-rails (3.1.0) from /Users/shawnbroukhim/.rbenv/versions/2.1.0/lib/ruby/gems/2.1.0/specifications/jquery-rails-3.1.0.gemspec
I, [2014-02-17T13:42:50.243286 #79019]  INFO -- : 0:  memoizable (0.4.0) from /Users/shawnbroukhim/.rbenv/versions/2.1.0/lib/ruby/gems/2.1.0/specifications/memoizable-0.4.0.gemspec
I, [2014-02-17T13:42:50.243531 #79019]  INFO -- : 0:  method_source (0.8.2) from /Users/shawnbroukhim/.rbenv/versions/2.1.0/lib/ruby/gems/2.1.0/specifications/method_source-0.8.2.gemspec
I, [2014-02-17T13:42:50.243755 #79019]  INFO -- : 0:  naught (1.0.0) from /Users/shawnbroukhim/.rbenv/versions/2.1.0/lib/ruby/gems/2.1.0/specifications/naught-1.0.0.gemspec
I, [2014-02-17T13:42:50.243972 #79019]  INFO -- : 0:  pg (0.17.1) from /Users/shawnbroukhim/.rbenv/versions/2.1.0/lib/ruby/gems/2.1.0/specifications/pg-0.17.1.gemspec
I, [2014-02-17T13:42:50.244255 #79019]  INFO -- : 0:  slop (3.4.7) from /Users/shawnbroukhim/.rbenv/versions/2.1.0/lib/ruby/gems/2.1.0/specifications/slop-3.4.7.gemspec
I, [2014-02-17T13:42:50.244503 #79019]  INFO -- : 0:  pry (0.9.12.6) from /Users/shawnbroukhim/.rbenv/versions/2.1.0/lib/ruby/gems/2.1.0/specifications/pry-0.9.12.6.gemspec
I, [2014-02-17T13:42:50.244755 #79019]  INFO -- : 0:  pry-rails (0.3.2) from /Users/shawnbroukhim/.rbenv/versions/2.1.0/lib/ruby/gems/2.1.0/specifications/pry-rails-0.3.2.gemspec
I, [2014-02-17T13:42:50.245008 #79019]  INFO -- : 0:  psql (0.0.1) from /Users/shawnbroukhim/.rbenv/versions/2.1.0/lib/ruby/gems/2.1.0/specifications/psql-0.0.1.gemspec
I, [2014-02-17T13:42:50.245264 #79019]  INFO -- : 0:  tilt (1.4.1) from /Users/shawnbroukhim/.rbenv/versions/2.1.0/lib/ruby/gems/2.1.0/specifications/tilt-1.4.1.gemspec
I, [2014-02-17T13:42:50.245513 #79019]  INFO -- : 0:  sprockets (2.10.1) from /Users/shawnbroukhim/.rbenv/versions/2.1.0/lib/ruby/gems/2.1.0/specifications/sprockets-2.10.1.gemspec
I, [2014-02-17T13:42:50.245768 #79019]  INFO -- : 0:  sprockets-rails (2.0.1) from /Users/shawnbroukhim/.rbenv/versions/2.1.0/lib/ruby/gems/2.1.0/specifications/sprockets-rails-2.0.1.gemspec
I, [2014-02-17T13:42:50.246061 #79019]  INFO -- : 0:  rails (4.0.2) from /Users/shawnbroukhim/.rbenv/versions/2.1.0/lib/ruby/gems/2.1.0/specifications/rails-4.0.2.gemspec
I, [2014-02-17T13:42:50.246320 #79019]  INFO -- : 0:  rdoc (4.1.1) from /Users/shawnbroukhim/.rbenv/versions/2.1.0/lib/ruby/gems/2.1.0/specifications/rdoc-4.1.1.gemspec
I, [2014-02-17T13:42:50.246567 #79019]  INFO -- : 0:  sass (3.2.14) from /Users/shawnbroukhim/.rbenv/versions/2.1.0/lib/ruby/gems/2.1.0/specifications/sass-3.2.14.gemspec
I, [2014-02-17T13:42:50.246878 #79019]  INFO -- : 0:  sass-rails (4.0.1) from /Users/shawnbroukhim/.rbenv/versions/2.1.0/lib/ruby/gems/2.1.0/specifications/sass-rails-4.0.1.gemspec
I, [2014-02-17T13:42:50.247139 #79019]  INFO -- : 0:  sdoc (0.4.0) from /Users/shawnbroukhim/.rbenv/versions/2.1.0/lib/ruby/gems/2.1.0/specifications/sdoc-0.4.0.gemspec
I, [2014-02-17T13:42:50.247423 #79019]  INFO -- : 0:  simple_oauth (0.2.0) from /Users/shawnbroukhim/.rbenv/versions/2.1.0/lib/ruby/gems/2.1.0/specifications/simple_oauth-0.2.0.gemspec
I, [2014-02-17T13:42:50.247682 #79019]  INFO -- : 0:  sqlite3 (1.3.8) from /Users/shawnbroukhim/.rbenv/versions/2.1.0/lib/ruby/gems/2.1.0/specifications/sqlite3-1.3.8.gemspec
I, [2014-02-17T13:42:50.247977 #79019]  INFO -- : 0:  turbolinks (2.2.1) from /Users/shawnbroukhim/.rbenv/versions/2.1.0/lib/ruby/gems/2.1.0/specifications/turbolinks-2.2.1.gemspec
I, [2014-02-17T13:42:50.248263 #79019]  INFO -- : 0:  twitter (5.6.0) from /Users/shawnbroukhim/.rbenv/versions/2.1.0/lib/ruby/gems/2.1.0/specifications/twitter-5.6.0.gemspec
I, [2014-02-17T13:42:50.248524 #79019]  INFO -- : 0:  uglifier (2.4.0) from /Users/shawnbroukhim/.rbenv/versions/2.1.0/lib/ruby/gems/2.1.0/specifications/uglifier-2.4.0.gemspec
I, [2014-02-18T21:07:30.301561 #10786]  INFO -- : 0:  rake (10.1.1) from /Users/shawnbroukhim/.rbenv/versions/2.1.0/lib/ruby/gems/2.1.0/specifications/rake-10.1.1.gemspec
I, [2014-02-18T21:07:30.301912 #10786]  INFO -- : 0:  i18n (0.6.9) from /Users/shawnbroukhim/.rbenv/versions/2.1.0/lib/ruby/gems/2.1.0/specifications/i18n-0.6.9.gemspec
I, [2014-02-18T21:07:30.302184 #10786]  INFO -- : 0:  minitest (4.7.5) from /Users/shawnbroukhim/.rbenv/versions/2.1.0/lib/ruby/gems/2.1.0/specifications/default/minitest-4.7.5.gemspec
I, [2014-02-18T21:07:30.302467 #10786]  INFO -- : 0:  multi_json (1.8.4) from /Users/shawnbroukhim/.rbenv/versions/2.1.0/lib/ruby/gems/2.1.0/specifications/multi_json-1.8.4.gemspec
I, [2014-02-18T21:07:30.302741 #10786]  INFO -- : 0:  atomic (1.1.14) from /Users/shawnbroukhim/.rbenv/versions/2.1.0/lib/ruby/gems/2.1.0/specifications/atomic-1.1.14.gemspec
I, [2014-02-18T21:07:30.303008 #10786]  INFO -- : 0:  thread_safe (0.1.3) from /Users/shawnbroukhim/.rbenv/versions/2.1.0/lib/ruby/gems/2.1.0/specifications/thread_safe-0.1.3.gemspec
I, [2014-02-18T21:07:30.303300 #10786]  INFO -- : 0:  tzinfo (0.3.38) from /Users/shawnbroukhim/.rbenv/versions/2.1.0/lib/ruby/gems/2.1.0/specifications/tzinfo-0.3.38.gemspec
I, [2014-02-18T21:07:30.303574 #10786]  INFO -- : 0:  activesupport (4.0.2) from /Users/shawnbroukhim/.rbenv/versions/2.1.0/lib/ruby/gems/2.1.0/specifications/activesupport-4.0.2.gemspec
I, [2014-02-18T21:07:30.303839 #10786]  INFO -- : 0:  builder (3.1.4) from /Users/shawnbroukhim/.rbenv/versions/2.1.0/lib/ruby/gems/2.1.0/specifications/builder-3.1.4.gemspec
I, [2014-02-18T21:07:30.304097 #10786]  INFO -- : 0:  erubis (2.7.0) from /Users/shawnbroukhim/.rbenv/versions/2.1.0/lib/ruby/gems/2.1.0/specifications/erubis-2.7.0.gemspec
I, [2014-02-18T21:07:30.304377 #10786]  INFO -- : 0:  rack (1.5.2) from /Users/shawnbroukhim/.rbenv/versions/2.1.0/lib/ruby/gems/2.1.0/specifications/rack-1.5.2.gemspec
I, [2014-02-18T21:07:30.304635 #10786]  INFO -- : 0:  rack-test (0.6.2) from /Users/shawnbroukhim/.rbenv/versions/2.1.0/lib/ruby/gems/2.1.0/specifications/rack-test-0.6.2.gemspec
I, [2014-02-18T21:07:30.304908 #10786]  INFO -- : 0:  actionpack (4.0.2) from /Users/shawnbroukhim/.rbenv/versions/2.1.0/lib/ruby/gems/2.1.0/specifications/actionpack-4.0.2.gemspec
I, [2014-02-18T21:07:30.305177 #10786]  INFO -- : 0:  mime-types (1.25.1) from /Users/shawnbroukhim/.rbenv/versions/2.1.0/lib/ruby/gems/2.1.0/specifications/mime-types-1.25.1.gemspec
I, [2014-02-18T21:07:30.305448 #10786]  INFO -- : 0:  polyglot (0.3.3) from /Users/shawnbroukhim/.rbenv/versions/2.1.0/lib/ruby/gems/2.1.0/specifications/polyglot-0.3.3.gemspec
I, [2014-02-18T21:07:30.305712 #10786]  INFO -- : 0:  treetop (1.4.15) from /Users/shawnbroukhim/.rbenv/versions/2.1.0/lib/ruby/gems/2.1.0/specifications/treetop-1.4.15.gemspec
I, [2014-02-18T21:07:30.305978 #10786]  INFO -- : 0:  mail (2.5.4) from /Users/shawnbroukhim/.rbenv/versions/2.1.0/lib/ruby/gems/2.1.0/specifications/mail-2.5.4.gemspec
I, [2014-02-18T21:07:30.306245 #10786]  INFO -- : 0:  actionmailer (4.0.2) from /Users/shawnbroukhim/.rbenv/versions/2.1.0/lib/ruby/gems/2.1.0/specifications/actionmailer-4.0.2.gemspec
I, [2014-02-18T21:07:30.306514 #10786]  INFO -- : 0:  activemodel (4.0.2) from /Users/shawnbroukhim/.rbenv/versions/2.1.0/lib/ruby/gems/2.1.0/specifications/activemodel-4.0.2.gemspec
I, [2014-02-18T21:07:30.306774 #10786]  INFO -- : 0:  activerecord-deprecated_finders (1.0.3) from /Users/shawnbroukhim/.rbenv/versions/2.1.0/lib/ruby/gems/2.1.0/specifications/activerecord-deprecated_finders-1.0.3.gemspec
I, [2014-02-18T21:07:30.307056 #10786]  INFO -- : 0:  arel (4.0.2) from /Users/shawnbroukhim/.rbenv/versions/2.1.0/lib/ruby/gems/2.1.0/specifications/arel-4.0.2.gemspec
I, [2014-02-18T21:07:30.307333 #10786]  INFO -- : 0:  activerecord (4.0.2) from /Users/shawnbroukhim/.rbenv/versions/2.1.0/lib/ruby/gems/2.1.0/specifications/activerecord-4.0.2.gemspec
I, [2014-02-18T21:07:30.307587 #10786]  INFO -- : 0:  addressable (2.3.5) from /Users/shawnbroukhim/.rbenv/versions/2.1.0/lib/ruby/gems/2.1.0/specifications/addressable-2.3.5.gemspec
I, [2014-02-18T21:07:30.307854 #10786]  INFO -- : 0:  bcrypt-ruby (3.1.2) from /Users/shawnbroukhim/.rbenv/versions/2.1.0/lib/ruby/gems/2.1.0/specifications/bcrypt-ruby-3.1.2.gemspec
I, [2014-02-18T21:07:30.308121 #10786]  INFO -- : 0:  buftok (0.2.0) from /Users/shawnbroukhim/.rbenv/versions/2.1.0/lib/ruby/gems/2.1.0/specifications/buftok-0.2.0.gemspec
I, [2014-02-18T21:07:30.308380 #10786]  INFO -- : 0:  climate_control (0.0.3) from /Users/shawnbroukhim/.rbenv/versions/2.1.0/lib/ruby/gems/2.1.0/specifications/climate_control-0.0.3.gemspec
I, [2014-02-18T21:07:30.308651 #10786]  INFO -- : 0:  cocaine (0.5.1) from /Users/shawnbroukhim/.rbenv/versions/2.1.0/lib/ruby/gems/2.1.0/specifications/cocaine-0.5.1.gemspec
I, [2014-02-18T21:07:30.308926 #10786]  INFO -- : 0:  coderay (1.1.0) from /Users/shawnbroukhim/.rbenv/versions/2.1.0/lib/ruby/gems/2.1.0/specifications/coderay-1.1.0.gemspec
I, [2014-02-18T21:07:30.309182 #10786]  INFO -- : 0:  coffee-script-source (1.7.0) from /Users/shawnbroukhim/.rbenv/versions/2.1.0/lib/ruby/gems/2.1.0/specifications/coffee-script-source-1.7.0.gemspec
I, [2014-02-18T21:07:30.309461 #10786]  INFO -- : 0:  execjs (2.0.2) from /Users/shawnbroukhim/.rbenv/versions/2.1.0/lib/ruby/gems/2.1.0/specifications/execjs-2.0.2.gemspec
I, [2014-02-18T21:07:30.309728 #10786]  INFO -- : 0:  coffee-script (2.2.0) from /Users/shawnbroukhim/.rbenv/versions/2.1.0/lib/ruby/gems/2.1.0/specifications/coffee-script-2.2.0.gemspec
I, [2014-02-18T21:07:30.309983 #10786]  INFO -- : 0:  thor (0.18.1) from /Users/shawnbroukhim/.rbenv/versions/2.1.0/lib/ruby/gems/2.1.0/specifications/thor-0.18.1.gemspec
I, [2014-02-18T21:07:30.310244 #10786]  INFO -- : 0:  railties (4.0.2) from /Users/shawnbroukhim/.rbenv/versions/2.1.0/lib/ruby/gems/2.1.0/specifications/railties-4.0.2.gemspec
I, [2014-02-18T21:07:30.310518 #10786]  INFO -- : 0:  coffee-rails (4.0.1) from /Users/shawnbroukhim/.rbenv/versions/2.1.0/lib/ruby/gems/2.1.0/specifications/coffee-rails-4.0.1.gemspec
I, [2014-02-18T21:07:30.310797 #10786]  INFO -- : 0:  descendants_tracker (0.0.3) from /Users/shawnbroukhim/.rbenv/versions/2.1.0/lib/ruby/gems/2.1.0/specifications/descendants_tracker-0.0.3.gemspec
I, [2014-02-18T21:07:30.311050 #10786]  INFO -- : 0:  equalizer (0.0.9) from /Users/shawnbroukhim/.rbenv/versions/2.1.0/lib/ruby/gems/2.1.0/specifications/equalizer-0.0.9.gemspec
I, [2014-02-18T21:07:30.311320 #10786]  INFO -- : 0:  multipart-post (2.0.0) from /Users/shawnbroukhim/.rbenv/versions/2.1.0/lib/ruby/gems/2.1.0/specifications/multipart-post-2.0.0.gemspec
I, [2014-02-18T21:07:30.311587 #10786]  INFO -- : 0:  faraday (0.9.0) from /Users/shawnbroukhim/.rbenv/versions/2.1.0/lib/ruby/gems/2.1.0/specifications/faraday-0.9.0.gemspec
I, [2014-02-18T21:07:30.311846 #10786]  INFO -- : 0:  hike (1.2.3) from /Users/shawnbroukhim/.rbenv/versions/2.1.0/lib/ruby/gems/2.1.0/specifications/hike-1.2.3.gemspec
I, [2014-02-18T21:07:30.312113 #10786]  INFO -- : 0:  http_parser.rb (0.6.0) from /Users/shawnbroukhim/.rbenv/versions/2.1.0/lib/ruby/gems/2.1.0/specifications/http_parser.rb-0.6.0.gemspec
I, [2014-02-18T21:07:30.312415 #10786]  INFO -- : 0:  http (0.5.0) from /Users/shawnbroukhim/.rbenv/versions/2.1.0/lib/ruby/gems/2.1.0/specifications/http-0.5.0.gemspec
I, [2014-02-18T21:07:30.312656 #10786]  INFO -- : 0:  json (1.8.1) from /Users/shawnbroukhim/.rbenv/versions/2.1.0/lib/ruby/gems/2.1.0/specifications/default/json-1.8.1.gemspec
I, [2014-02-18T21:07:30.312920 #10786]  INFO -- : 0:  multi_xml (0.5.5) from /Users/shawnbroukhim/.rbenv/versions/2.1.0/lib/ruby/gems/2.1.0/specifications/multi_xml-0.5.5.gemspec
I, [2014-02-18T21:07:30.313181 #10786]  INFO -- : 0:  httparty (0.12.0) from /Users/shawnbroukhim/.rbenv/versions/2.1.0/lib/ruby/gems/2.1.0/specifications/httparty-0.12.0.gemspec
I, [2014-02-18T21:07:30.313453 #10786]  INFO -- : 0:  jbuilder (1.5.3) from /Users/shawnbroukhim/.rbenv/versions/2.1.0/lib/ruby/gems/2.1.0/specifications/jbuilder-1.5.3.gemspec
I, [2014-02-18T21:07:30.313718 #10786]  INFO -- : 0:  jquery-rails (3.1.0) from /Users/shawnbroukhim/.rbenv/versions/2.1.0/lib/ruby/gems/2.1.0/specifications/jquery-rails-3.1.0.gemspec
I, [2014-02-18T21:07:30.313983 #10786]  INFO -- : 0:  memoizable (0.4.0) from /Users/shawnbroukhim/.rbenv/versions/2.1.0/lib/ruby/gems/2.1.0/specifications/memoizable-0.4.0.gemspec
I, [2014-02-18T21:07:30.314273 #10786]  INFO -- : 0:  method_source (0.8.2) from /Users/shawnbroukhim/.rbenv/versions/2.1.0/lib/ruby/gems/2.1.0/specifications/method_source-0.8.2.gemspec
I, [2014-02-18T21:07:30.314552 #10786]  INFO -- : 0:  naught (1.0.0) from /Users/shawnbroukhim/.rbenv/versions/2.1.0/lib/ruby/gems/2.1.0/specifications/naught-1.0.0.gemspec
I, [2014-02-18T21:07:30.314827 #10786]  INFO -- : 0:  pg (0.17.1) from /Users/shawnbroukhim/.rbenv/versions/2.1.0/lib/ruby/gems/2.1.0/specifications/pg-0.17.1.gemspec
I, [2014-02-18T21:07:30.315103 #10786]  INFO -- : 0:  slop (3.4.7) from /Users/shawnbroukhim/.rbenv/versions/2.1.0/lib/ruby/gems/2.1.0/specifications/slop-3.4.7.gemspec
I, [2014-02-18T21:07:30.315360 #10786]  INFO -- : 0:  pry (0.9.12.6) from /Users/shawnbroukhim/.rbenv/versions/2.1.0/lib/ruby/gems/2.1.0/specifications/pry-0.9.12.6.gemspec
I, [2014-02-18T21:07:30.315631 #10786]  INFO -- : 0:  pry-rails (0.3.2) from /Users/shawnbroukhim/.rbenv/versions/2.1.0/lib/ruby/gems/2.1.0/specifications/pry-rails-0.3.2.gemspec
I, [2014-02-18T21:07:30.315882 #10786]  INFO -- : 0:  psql (0.0.1) from /Users/shawnbroukhim/.rbenv/versions/2.1.0/lib/ruby/gems/2.1.0/specifications/psql-0.0.1.gemspec
I, [2014-02-18T21:07:30.316137 #10786]  INFO -- : 0:  bundler (1.5.1) from /Users/shawnbroukhim/.rbenv/versions/2.1.0/lib/ruby/gems/2.1.0/specifications/bundler-1.5.1.gemspec
I, [2014-02-18T21:07:30.316391 #10786]  INFO -- : 0:  tilt (1.4.1) from /Users/shawnbroukhim/.rbenv/versions/2.1.0/lib/ruby/gems/2.1.0/specifications/tilt-1.4.1.gemspec
I, [2014-02-18T21:07:30.316644 #10786]  INFO -- : 0:  sprockets (2.10.1) from /Users/shawnbroukhim/.rbenv/versions/2.1.0/lib/ruby/gems/2.1.0/specifications/sprockets-2.10.1.gemspec
I, [2014-02-18T21:07:30.316915 #10786]  INFO -- : 0:  sprockets-rails (2.0.1) from /Users/shawnbroukhim/.rbenv/versions/2.1.0/lib/ruby/gems/2.1.0/specifications/sprockets-rails-2.0.1.gemspec
I, [2014-02-18T21:07:30.317176 #10786]  INFO -- : 0:  rails (4.0.2) from /Users/shawnbroukhim/.rbenv/versions/2.1.0/lib/ruby/gems/2.1.0/specifications/rails-4.0.2.gemspec
I, [2014-02-18T21:07:30.317439 #10786]  INFO -- : 0:  rdoc (4.1.1) from /Users/shawnbroukhim/.rbenv/versions/2.1.0/lib/ruby/gems/2.1.0/specifications/rdoc-4.1.1.gemspec
I, [2014-02-18T21:07:30.317700 #10786]  INFO -- : 0:  sass (3.2.14) from /Users/shawnbroukhim/.rbenv/versions/2.1.0/lib/ruby/gems/2.1.0/specifications/sass-3.2.14.gemspec
I, [2014-02-18T21:07:30.317982 #10786]  INFO -- : 0:  sass-rails (4.0.1) from /Users/shawnbroukhim/.rbenv/versions/2.1.0/lib/ruby/gems/2.1.0/specifications/sass-rails-4.0.1.gemspec
I, [2014-02-18T21:07:30.319824 #10786]  INFO -- : 0:  sdoc (0.4.0) from /Users/shawnbroukhim/.rbenv/versions/2.1.0/lib/ruby/gems/2.1.0/specifications/sdoc-0.4.0.gemspec
I, [2014-02-18T21:07:30.320216 #10786]  INFO -- : 0:  simple_oauth (0.2.0) from /Users/shawnbroukhim/.rbenv/versions/2.1.0/lib/ruby/gems/2.1.0/specifications/simple_oauth-0.2.0.gemspec
I, [2014-02-18T21:07:30.320576 #10786]  INFO -- : 0:  sqlite3 (1.3.8) from /Users/shawnbroukhim/.rbenv/versions/2.1.0/lib/ruby/gems/2.1.0/specifications/sqlite3-1.3.8.gemspec
I, [2014-02-18T21:07:30.320877 #10786]  INFO -- : 0:  turbolinks (2.2.1) from /Users/shawnbroukhim/.rbenv/versions/2.1.0/lib/ruby/gems/2.1.0/specifications/turbolinks-2.2.1.gemspec
I, [2014-02-18T21:07:30.321169 #10786]  INFO -- : 0:  twitter (5.6.0) from /Users/shawnbroukhim/.rbenv/versions/2.1.0/lib/ruby/gems/2.1.0/specifications/twitter-5.6.0.gemspec
I, [2014-02-18T21:07:30.321449 #10786]  INFO -- : 0:  uglifier (2.4.0) from /Users/shawnbroukhim/.rbenv/versions/2.1.0/lib/ruby/gems/2.1.0/specifications/uglifier-2.4.0.gemspec
I, [2014-02-18T21:09:02.849380 #11172]  INFO -- : 0:  rake (10.1.1) from /Users/shawnbroukhim/.rbenv/versions/2.1.0/lib/ruby/gems/2.1.0/specifications/rake-10.1.1.gemspec
I, [2014-02-18T21:09:02.849704 #11172]  INFO -- : 0:  i18n (0.6.9) from /Users/shawnbroukhim/.rbenv/versions/2.1.0/lib/ruby/gems/2.1.0/specifications/i18n-0.6.9.gemspec
I, [2014-02-18T21:09:02.849912 #11172]  INFO -- : 0:  minitest (4.7.5) from /Users/shawnbroukhim/.rbenv/versions/2.1.0/lib/ruby/gems/2.1.0/specifications/default/minitest-4.7.5.gemspec
I, [2014-02-18T21:09:02.850170 #11172]  INFO -- : 0:  multi_json (1.8.4) from /Users/shawnbroukhim/.rbenv/versions/2.1.0/lib/ruby/gems/2.1.0/specifications/multi_json-1.8.4.gemspec
I, [2014-02-18T21:09:02.850405 #11172]  INFO -- : 0:  atomic (1.1.14) from /Users/shawnbroukhim/.rbenv/versions/2.1.0/lib/ruby/gems/2.1.0/specifications/atomic-1.1.14.gemspec
I, [2014-02-18T21:09:02.850663 #11172]  INFO -- : 0:  thread_safe (0.1.3) from /Users/shawnbroukhim/.rbenv/versions/2.1.0/lib/ruby/gems/2.1.0/specifications/thread_safe-0.1.3.gemspec
I, [2014-02-18T21:09:02.850910 #11172]  INFO -- : 0:  tzinfo (0.3.38) from /Users/shawnbroukhim/.rbenv/versions/2.1.0/lib/ruby/gems/2.1.0/specifications/tzinfo-0.3.38.gemspec
I, [2014-02-18T21:09:02.851163 #11172]  INFO -- : 0:  activesupport (4.0.2) from /Users/shawnbroukhim/.rbenv/versions/2.1.0/lib/ruby/gems/2.1.0/specifications/activesupport-4.0.2.gemspec
I, [2014-02-18T21:09:02.851413 #11172]  INFO -- : 0:  builder (3.1.4) from /Users/shawnbroukhim/.rbenv/versions/2.1.0/lib/ruby/gems/2.1.0/specifications/builder-3.1.4.gemspec
I, [2014-02-18T21:09:02.851636 #11172]  INFO -- : 0:  erubis (2.7.0) from /Users/shawnbroukhim/.rbenv/versions/2.1.0/lib/ruby/gems/2.1.0/specifications/erubis-2.7.0.gemspec
I, [2014-02-18T21:09:02.851867 #11172]  INFO -- : 0:  rack (1.5.2) from /Users/shawnbroukhim/.rbenv/versions/2.1.0/lib/ruby/gems/2.1.0/specifications/rack-1.5.2.gemspec
I, [2014-02-18T21:09:02.852096 #11172]  INFO -- : 0:  rack-test (0.6.2) from /Users/shawnbroukhim/.rbenv/versions/2.1.0/lib/ruby/gems/2.1.0/specifications/rack-test-0.6.2.gemspec
I, [2014-02-18T21:09:02.852343 #11172]  INFO -- : 0:  actionpack (4.0.2) from /Users/shawnbroukhim/.rbenv/versions/2.1.0/lib/ruby/gems/2.1.0/specifications/actionpack-4.0.2.gemspec
I, [2014-02-18T21:09:02.852593 #11172]  INFO -- : 0:  mime-types (1.25.1) from /Users/shawnbroukhim/.rbenv/versions/2.1.0/lib/ruby/gems/2.1.0/specifications/mime-types-1.25.1.gemspec
I, [2014-02-18T21:09:02.852812 #11172]  INFO -- : 0:  polyglot (0.3.3) from /Users/shawnbroukhim/.rbenv/versions/2.1.0/lib/ruby/gems/2.1.0/specifications/polyglot-0.3.3.gemspec
I, [2014-02-18T21:09:02.853054 #11172]  INFO -- : 0:  treetop (1.4.15) from /Users/shawnbroukhim/.rbenv/versions/2.1.0/lib/ruby/gems/2.1.0/specifications/treetop-1.4.15.gemspec
I, [2014-02-18T21:09:02.853291 #11172]  INFO -- : 0:  mail (2.5.4) from /Users/shawnbroukhim/.rbenv/versions/2.1.0/lib/ruby/gems/2.1.0/specifications/mail-2.5.4.gemspec
I, [2014-02-18T21:09:02.853508 #11172]  INFO -- : 0:  actionmailer (4.0.2) from /Users/shawnbroukhim/.rbenv/versions/2.1.0/lib/ruby/gems/2.1.0/specifications/actionmailer-4.0.2.gemspec
I, [2014-02-18T21:09:02.853742 #11172]  INFO -- : 0:  activemodel (4.0.2) from /Users/shawnbroukhim/.rbenv/versions/2.1.0/lib/ruby/gems/2.1.0/specifications/activemodel-4.0.2.gemspec
I, [2014-02-18T21:09:02.853972 #11172]  INFO -- : 0:  activerecord-deprecated_finders (1.0.3) from /Users/shawnbroukhim/.rbenv/versions/2.1.0/lib/ruby/gems/2.1.0/specifications/activerecord-deprecated_finders-1.0.3.gemspec
I, [2014-02-18T21:09:02.854225 #11172]  INFO -- : 0:  arel (4.0.2) from /Users/shawnbroukhim/.rbenv/versions/2.1.0/lib/ruby/gems/2.1.0/specifications/arel-4.0.2.gemspec
I, [2014-02-18T21:09:02.854452 #11172]  INFO -- : 0:  activerecord (4.0.2) from /Users/shawnbroukhim/.rbenv/versions/2.1.0/lib/ruby/gems/2.1.0/specifications/activerecord-4.0.2.gemspec
I, [2014-02-18T21:09:02.854702 #11172]  INFO -- : 0:  addressable (2.3.5) from /Users/shawnbroukhim/.rbenv/versions/2.1.0/lib/ruby/gems/2.1.0/specifications/addressable-2.3.5.gemspec
I, [2014-02-18T21:09:02.854926 #11172]  INFO -- : 0:  bcrypt-ruby (3.1.2) from /Users/shawnbroukhim/.rbenv/versions/2.1.0/lib/ruby/gems/2.1.0/specifications/bcrypt-ruby-3.1.2.gemspec
I, [2014-02-18T21:09:02.855166 #11172]  INFO -- : 0:  buftok (0.2.0) from /Users/shawnbroukhim/.rbenv/versions/2.1.0/lib/ruby/gems/2.1.0/specifications/buftok-0.2.0.gemspec
I, [2014-02-18T21:09:02.855356 #11172]  INFO -- : 0:  bundler (1.5.1) from /Users/shawnbroukhim/.rbenv/versions/2.1.0/lib/ruby/gems/2.1.0/specifications/bundler-1.5.1.gemspec
I, [2014-02-18T21:09:02.855577 #11172]  INFO -- : 0:  climate_control (0.0.3) from /Users/shawnbroukhim/.rbenv/versions/2.1.0/lib/ruby/gems/2.1.0/specifications/climate_control-0.0.3.gemspec
I, [2014-02-18T21:09:02.855791 #11172]  INFO -- : 0:  cocaine (0.5.1) from /Users/shawnbroukhim/.rbenv/versions/2.1.0/lib/ruby/gems/2.1.0/specifications/cocaine-0.5.1.gemspec
I, [2014-02-18T21:09:02.856008 #11172]  INFO -- : 0:  coderay (1.1.0) from /Users/shawnbroukhim/.rbenv/versions/2.1.0/lib/ruby/gems/2.1.0/specifications/coderay-1.1.0.gemspec
I, [2014-02-18T21:09:02.856233 #11172]  INFO -- : 0:  coffee-script-source (1.7.0) from /Users/shawnbroukhim/.rbenv/versions/2.1.0/lib/ruby/gems/2.1.0/specifications/coffee-script-source-1.7.0.gemspec
I, [2014-02-18T21:09:02.856470 #11172]  INFO -- : 0:  execjs (2.0.2) from /Users/shawnbroukhim/.rbenv/versions/2.1.0/lib/ruby/gems/2.1.0/specifications/execjs-2.0.2.gemspec
I, [2014-02-18T21:09:02.856708 #11172]  INFO -- : 0:  coffee-script (2.2.0) from /Users/shawnbroukhim/.rbenv/versions/2.1.0/lib/ruby/gems/2.1.0/specifications/coffee-script-2.2.0.gemspec
I, [2014-02-18T21:09:02.856944 #11172]  INFO -- : 0:  thor (0.18.1) from /Users/shawnbroukhim/.rbenv/versions/2.1.0/lib/ruby/gems/2.1.0/specifications/thor-0.18.1.gemspec
I, [2014-02-18T21:09:02.857166 #11172]  INFO -- : 0:  railties (4.0.2) from /Users/shawnbroukhim/.rbenv/versions/2.1.0/lib/ruby/gems/2.1.0/specifications/railties-4.0.2.gemspec
I, [2014-02-18T21:09:02.857377 #11172]  INFO -- : 0:  coffee-rails (4.0.1) from /Users/shawnbroukhim/.rbenv/versions/2.1.0/lib/ruby/gems/2.1.0/specifications/coffee-rails-4.0.1.gemspec
I, [2014-02-18T21:09:02.857599 #11172]  INFO -- : 0:  descendants_tracker (0.0.3) from /Users/shawnbroukhim/.rbenv/versions/2.1.0/lib/ruby/gems/2.1.0/specifications/descendants_tracker-0.0.3.gemspec
I, [2014-02-18T21:09:02.857811 #11172]  INFO -- : 0:  equalizer (0.0.9) from /Users/shawnbroukhim/.rbenv/versions/2.1.0/lib/ruby/gems/2.1.0/specifications/equalizer-0.0.9.gemspec
I, [2014-02-18T21:09:02.858030 #11172]  INFO -- : 0:  multipart-post (2.0.0) from /Users/shawnbroukhim/.rbenv/versions/2.1.0/lib/ruby/gems/2.1.0/specifications/multipart-post-2.0.0.gemspec
I, [2014-02-18T21:09:02.858245 #11172]  INFO -- : 0:  faraday (0.9.0) from /Users/shawnbroukhim/.rbenv/versions/2.1.0/lib/ruby/gems/2.1.0/specifications/faraday-0.9.0.gemspec
I, [2014-02-18T21:09:02.858468 #11172]  INFO -- : 0:  hike (1.2.3) from /Users/shawnbroukhim/.rbenv/versions/2.1.0/lib/ruby/gems/2.1.0/specifications/hike-1.2.3.gemspec
I, [2014-02-18T21:09:02.858693 #11172]  INFO -- : 0:  http_parser.rb (0.6.0) from /Users/shawnbroukhim/.rbenv/versions/2.1.0/lib/ruby/gems/2.1.0/specifications/http_parser.rb-0.6.0.gemspec
I, [2014-02-18T21:09:02.858936 #11172]  INFO -- : 0:  http (0.5.0) from /Users/shawnbroukhim/.rbenv/versions/2.1.0/lib/ruby/gems/2.1.0/specifications/http-0.5.0.gemspec
I, [2014-02-18T21:09:02.859135 #11172]  INFO -- : 0:  json (1.8.1) from /Users/shawnbroukhim/.rbenv/versions/2.1.0/lib/ruby/gems/2.1.0/specifications/default/json-1.8.1.gemspec
I, [2014-02-18T21:09:02.859348 #11172]  INFO -- : 0:  multi_xml (0.5.5) from /Users/shawnbroukhim/.rbenv/versions/2.1.0/lib/ruby/gems/2.1.0/specifications/multi_xml-0.5.5.gemspec
I, [2014-02-18T21:09:02.859583 #11172]  INFO -- : 0:  httparty (0.12.0) from /Users/shawnbroukhim/.rbenv/versions/2.1.0/lib/ruby/gems/2.1.0/specifications/httparty-0.12.0.gemspec
I, [2014-02-18T21:09:02.859826 #11172]  INFO -- : 0:  jbuilder (1.5.3) from /Users/shawnbroukhim/.rbenv/versions/2.1.0/lib/ruby/gems/2.1.0/specifications/jbuilder-1.5.3.gemspec
I, [2014-02-18T21:09:02.860049 #11172]  INFO -- : 0:  jquery-rails (3.1.0) from /Users/shawnbroukhim/.rbenv/versions/2.1.0/lib/ruby/gems/2.1.0/specifications/jquery-rails-3.1.0.gemspec
I, [2014-02-18T21:09:02.860281 #11172]  INFO -- : 0:  memoizable (0.4.0) from /Users/shawnbroukhim/.rbenv/versions/2.1.0/lib/ruby/gems/2.1.0/specifications/memoizable-0.4.0.gemspec
I, [2014-02-18T21:09:02.860505 #11172]  INFO -- : 0:  method_source (0.8.2) from /Users/shawnbroukhim/.rbenv/versions/2.1.0/lib/ruby/gems/2.1.0/specifications/method_source-0.8.2.gemspec
I, [2014-02-18T21:09:02.860712 #11172]  INFO -- : 0:  naught (1.0.0) from /Users/shawnbroukhim/.rbenv/versions/2.1.0/lib/ruby/gems/2.1.0/specifications/naught-1.0.0.gemspec
I, [2014-02-18T21:09:02.860942 #11172]  INFO -- : 0:  pg (0.17.1) from /Users/shawnbroukhim/.rbenv/versions/2.1.0/lib/ruby/gems/2.1.0/specifications/pg-0.17.1.gemspec
I, [2014-02-18T21:09:02.861168 #11172]  INFO -- : 0:  slop (3.4.7) from /Users/shawnbroukhim/.rbenv/versions/2.1.0/lib/ruby/gems/2.1.0/specifications/slop-3.4.7.gemspec
I, [2014-02-18T21:09:02.861416 #11172]  INFO -- : 0:  pry (0.9.12.6) from /Users/shawnbroukhim/.rbenv/versions/2.1.0/lib/ruby/gems/2.1.0/specifications/pry-0.9.12.6.gemspec
I, [2014-02-18T21:09:02.861651 #11172]  INFO -- : 0:  pry-rails (0.3.2) from /Users/shawnbroukhim/.rbenv/versions/2.1.0/lib/ruby/gems/2.1.0/specifications/pry-rails-0.3.2.gemspec
I, [2014-02-18T21:09:02.861892 #11172]  INFO -- : 0:  psql (0.0.1) from /Users/shawnbroukhim/.rbenv/versions/2.1.0/lib/ruby/gems/2.1.0/specifications/psql-0.0.1.gemspec
I, [2014-02-18T21:09:02.862112 #11172]  INFO -- : 0:  tilt (1.4.1) from /Users/shawnbroukhim/.rbenv/versions/2.1.0/lib/ruby/gems/2.1.0/specifications/tilt-1.4.1.gemspec
I, [2014-02-18T21:09:02.862347 #11172]  INFO -- : 0:  sprockets (2.10.1) from /Users/shawnbroukhim/.rbenv/versions/2.1.0/lib/ruby/gems/2.1.0/specifications/sprockets-2.10.1.gemspec
I, [2014-02-18T21:09:02.862576 #11172]  INFO -- : 0:  sprockets-rails (2.0.1) from /Users/shawnbroukhim/.rbenv/versions/2.1.0/lib/ruby/gems/2.1.0/specifications/sprockets-rails-2.0.1.gemspec
I, [2014-02-18T21:09:02.862786 #11172]  INFO -- : 0:  rails (4.0.2) from /Users/shawnbroukhim/.rbenv/versions/2.1.0/lib/ruby/gems/2.1.0/specifications/rails-4.0.2.gemspec
I, [2014-02-18T21:09:04.643351 #11172]  INFO -- : 0:  rails_serve_static_assets (0.0.2) from /Users/shawnbroukhim/.rbenv/versions/2.1.0/lib/ruby/gems/2.1.0/specifications/rails_serve_static_assets-0.0.2.gemspec
I, [2014-02-18T21:09:05.916401 #11172]  INFO -- : 0:  rails_stdout_logging (0.0.3) from /Users/shawnbroukhim/.rbenv/versions/2.1.0/lib/ruby/gems/2.1.0/specifications/rails_stdout_logging-0.0.3.gemspec
I, [2014-02-18T21:09:06.980634 #11172]  INFO -- : 0:  rails_12factor (0.0.2) from /Users/shawnbroukhim/.rbenv/versions/2.1.0/lib/ruby/gems/2.1.0/specifications/rails_12factor-0.0.2.gemspec
I, [2014-02-18T21:09:06.981001 #11172]  INFO -- : 0:  rdoc (4.1.1) from /Users/shawnbroukhim/.rbenv/versions/2.1.0/lib/ruby/gems/2.1.0/specifications/rdoc-4.1.1.gemspec
I, [2014-02-18T21:09:06.981272 #11172]  INFO -- : 0:  sass (3.2.14) from /Users/shawnbroukhim/.rbenv/versions/2.1.0/lib/ruby/gems/2.1.0/specifications/sass-3.2.14.gemspec
I, [2014-02-18T21:09:06.981536 #11172]  INFO -- : 0:  sass-rails (4.0.1) from /Users/shawnbroukhim/.rbenv/versions/2.1.0/lib/ruby/gems/2.1.0/specifications/sass-rails-4.0.1.gemspec
I, [2014-02-18T21:09:06.981789 #11172]  INFO -- : 0:  sdoc (0.4.0) from /Users/shawnbroukhim/.rbenv/versions/2.1.0/lib/ruby/gems/2.1.0/specifications/sdoc-0.4.0.gemspec
I, [2014-02-18T21:09:06.982049 #11172]  INFO -- : 0:  simple_oauth (0.2.0) from /Users/shawnbroukhim/.rbenv/versions/2.1.0/lib/ruby/gems/2.1.0/specifications/simple_oauth-0.2.0.gemspec
I, [2014-02-18T21:09:06.982303 #11172]  INFO -- : 0:  sqlite3 (1.3.8) from /Users/shawnbroukhim/.rbenv/versions/2.1.0/lib/ruby/gems/2.1.0/specifications/sqlite3-1.3.8.gemspec
I, [2014-02-18T21:09:06.982557 #11172]  INFO -- : 0:  turbolinks (2.2.1) from /Users/shawnbroukhim/.rbenv/versions/2.1.0/lib/ruby/gems/2.1.0/specifications/turbolinks-2.2.1.gemspec
I, [2014-02-18T21:09:06.982811 #11172]  INFO -- : 0:  twitter (5.6.0) from /Users/shawnbroukhim/.rbenv/versions/2.1.0/lib/ruby/gems/2.1.0/specifications/twitter-5.6.0.gemspec
I, [2014-02-18T21:09:06.983074 #11172]  INFO -- : 0:  uglifier (2.4.0) from /Users/shawnbroukhim/.rbenv/versions/2.1.0/lib/ruby/gems/2.1.0/specifications/uglifier-2.4.0.gemspec
I, [2014-02-18T21:11:54.952922 #11272]  INFO -- : 0:  rake (10.1.1) from /Users/shawnbroukhim/.rbenv/versions/2.1.0/lib/ruby/gems/2.1.0/specifications/rake-10.1.1.gemspec
I, [2014-02-18T21:11:54.953260 #11272]  INFO -- : 0:  i18n (0.6.9) from /Users/shawnbroukhim/.rbenv/versions/2.1.0/lib/ruby/gems/2.1.0/specifications/i18n-0.6.9.gemspec
I, [2014-02-18T21:11:54.953511 #11272]  INFO -- : 0:  minitest (4.7.5) from /Users/shawnbroukhim/.rbenv/versions/2.1.0/lib/ruby/gems/2.1.0/specifications/default/minitest-4.7.5.gemspec
I, [2014-02-18T21:11:54.953772 #11272]  INFO -- : 0:  multi_json (1.8.4) from /Users/shawnbroukhim/.rbenv/versions/2.1.0/lib/ruby/gems/2.1.0/specifications/multi_json-1.8.4.gemspec
I, [2014-02-18T21:11:54.954047 #11272]  INFO -- : 0:  atomic (1.1.14) from /Users/shawnbroukhim/.rbenv/versions/2.1.0/lib/ruby/gems/2.1.0/specifications/atomic-1.1.14.gemspec
I, [2014-02-18T21:11:54.954301 #11272]  INFO -- : 0:  thread_safe (0.1.3) from /Users/shawnbroukhim/.rbenv/versions/2.1.0/lib/ruby/gems/2.1.0/specifications/thread_safe-0.1.3.gemspec
I, [2014-02-18T21:11:54.954565 #11272]  INFO -- : 0:  tzinfo (0.3.38) from /Users/shawnbroukhim/.rbenv/versions/2.1.0/lib/ruby/gems/2.1.0/specifications/tzinfo-0.3.38.gemspec
I, [2014-02-18T21:11:54.954827 #11272]  INFO -- : 0:  activesupport (4.0.2) from /Users/shawnbroukhim/.rbenv/versions/2.1.0/lib/ruby/gems/2.1.0/specifications/activesupport-4.0.2.gemspec
I, [2014-02-18T21:11:54.955087 #11272]  INFO -- : 0:  builder (3.1.4) from /Users/shawnbroukhim/.rbenv/versions/2.1.0/lib/ruby/gems/2.1.0/specifications/builder-3.1.4.gemspec
I, [2014-02-18T21:11:54.955360 #11272]  INFO -- : 0:  erubis (2.7.0) from /Users/shawnbroukhim/.rbenv/versions/2.1.0/lib/ruby/gems/2.1.0/specifications/erubis-2.7.0.gemspec
I, [2014-02-18T21:11:54.955623 #11272]  INFO -- : 0:  rack (1.5.2) from /Users/shawnbroukhim/.rbenv/versions/2.1.0/lib/ruby/gems/2.1.0/specifications/rack-1.5.2.gemspec
I, [2014-02-18T21:11:54.955881 #11272]  INFO -- : 0:  rack-test (0.6.2) from /Users/shawnbroukhim/.rbenv/versions/2.1.0/lib/ruby/gems/2.1.0/specifications/rack-test-0.6.2.gemspec
I, [2014-02-18T21:11:54.956136 #11272]  INFO -- : 0:  actionpack (4.0.2) from /Users/shawnbroukhim/.rbenv/versions/2.1.0/lib/ruby/gems/2.1.0/specifications/actionpack-4.0.2.gemspec
I, [2014-02-18T21:11:54.956401 #11272]  INFO -- : 0:  mime-types (1.25.1) from /Users/shawnbroukhim/.rbenv/versions/2.1.0/lib/ruby/gems/2.1.0/specifications/mime-types-1.25.1.gemspec
I, [2014-02-18T21:11:54.956672 #11272]  INFO -- : 0:  polyglot (0.3.3) from /Users/shawnbroukhim/.rbenv/versions/2.1.0/lib/ruby/gems/2.1.0/specifications/polyglot-0.3.3.gemspec
I, [2014-02-18T21:11:54.956939 #11272]  INFO -- : 0:  treetop (1.4.15) from /Users/shawnbroukhim/.rbenv/versions/2.1.0/lib/ruby/gems/2.1.0/specifications/treetop-1.4.15.gemspec
I, [2014-02-18T21:11:54.957200 #11272]  INFO -- : 0:  mail (2.5.4) from /Users/shawnbroukhim/.rbenv/versions/2.1.0/lib/ruby/gems/2.1.0/specifications/mail-2.5.4.gemspec
I, [2014-02-18T21:11:54.957460 #11272]  INFO -- : 0:  actionmailer (4.0.2) from /Users/shawnbroukhim/.rbenv/versions/2.1.0/lib/ruby/gems/2.1.0/specifications/actionmailer-4.0.2.gemspec
I, [2014-02-18T21:11:54.957718 #11272]  INFO -- : 0:  activemodel (4.0.2) from /Users/shawnbroukhim/.rbenv/versions/2.1.0/lib/ruby/gems/2.1.0/specifications/activemodel-4.0.2.gemspec
I, [2014-02-18T21:11:54.958014 #11272]  INFO -- : 0:  activerecord-deprecated_finders (1.0.3) from /Users/shawnbroukhim/.rbenv/versions/2.1.0/lib/ruby/gems/2.1.0/specifications/activerecord-deprecated_finders-1.0.3.gemspec
I, [2014-02-18T21:11:54.958295 #11272]  INFO -- : 0:  arel (4.0.2) from /Users/shawnbroukhim/.rbenv/versions/2.1.0/lib/ruby/gems/2.1.0/specifications/arel-4.0.2.gemspec
I, [2014-02-18T21:11:54.958548 #11272]  INFO -- : 0:  activerecord (4.0.2) from /Users/shawnbroukhim/.rbenv/versions/2.1.0/lib/ruby/gems/2.1.0/specifications/activerecord-4.0.2.gemspec
I, [2014-02-18T21:11:54.958809 #11272]  INFO -- : 0:  addressable (2.3.5) from /Users/shawnbroukhim/.rbenv/versions/2.1.0/lib/ruby/gems/2.1.0/specifications/addressable-2.3.5.gemspec
I, [2014-02-18T21:11:54.959067 #11272]  INFO -- : 0:  bcrypt-ruby (3.1.2) from /Users/shawnbroukhim/.rbenv/versions/2.1.0/lib/ruby/gems/2.1.0/specifications/bcrypt-ruby-3.1.2.gemspec
I, [2014-02-18T21:11:54.959329 #11272]  INFO -- : 0:  buftok (0.2.0) from /Users/shawnbroukhim/.rbenv/versions/2.1.0/lib/ruby/gems/2.1.0/specifications/buftok-0.2.0.gemspec
I, [2014-02-18T21:11:54.959589 #11272]  INFO -- : 0:  climate_control (0.0.3) from /Users/shawnbroukhim/.rbenv/versions/2.1.0/lib/ruby/gems/2.1.0/specifications/climate_control-0.0.3.gemspec
I, [2014-02-18T21:11:54.959867 #11272]  INFO -- : 0:  cocaine (0.5.1) from /Users/shawnbroukhim/.rbenv/versions/2.1.0/lib/ruby/gems/2.1.0/specifications/cocaine-0.5.1.gemspec
I, [2014-02-18T21:11:54.960139 #11272]  INFO -- : 0:  coderay (1.1.0) from /Users/shawnbroukhim/.rbenv/versions/2.1.0/lib/ruby/gems/2.1.0/specifications/coderay-1.1.0.gemspec
I, [2014-02-18T21:11:54.960388 #11272]  INFO -- : 0:  coffee-script-source (1.7.0) from /Users/shawnbroukhim/.rbenv/versions/2.1.0/lib/ruby/gems/2.1.0/specifications/coffee-script-source-1.7.0.gemspec
I, [2014-02-18T21:11:54.960656 #11272]  INFO -- : 0:  execjs (2.0.2) from /Users/shawnbroukhim/.rbenv/versions/2.1.0/lib/ruby/gems/2.1.0/specifications/execjs-2.0.2.gemspec
I, [2014-02-18T21:11:54.960923 #11272]  INFO -- : 0:  coffee-script (2.2.0) from /Users/shawnbroukhim/.rbenv/versions/2.1.0/lib/ruby/gems/2.1.0/specifications/coffee-script-2.2.0.gemspec
I, [2014-02-18T21:11:54.961173 #11272]  INFO -- : 0:  thor (0.18.1) from /Users/shawnbroukhim/.rbenv/versions/2.1.0/lib/ruby/gems/2.1.0/specifications/thor-0.18.1.gemspec
I, [2014-02-18T21:11:54.961452 #11272]  INFO -- : 0:  railties (4.0.2) from /Users/shawnbroukhim/.rbenv/versions/2.1.0/lib/ruby/gems/2.1.0/specifications/railties-4.0.2.gemspec
I, [2014-02-18T21:11:54.961730 #11272]  INFO -- : 0:  coffee-rails (4.0.1) from /Users/shawnbroukhim/.rbenv/versions/2.1.0/lib/ruby/gems/2.1.0/specifications/coffee-rails-4.0.1.gemspec
I, [2014-02-18T21:11:54.961992 #11272]  INFO -- : 0:  descendants_tracker (0.0.3) from /Users/shawnbroukhim/.rbenv/versions/2.1.0/lib/ruby/gems/2.1.0/specifications/descendants_tracker-0.0.3.gemspec
I, [2014-02-18T21:11:54.962259 #11272]  INFO -- : 0:  equalizer (0.0.9) from /Users/shawnbroukhim/.rbenv/versions/2.1.0/lib/ruby/gems/2.1.0/specifications/equalizer-0.0.9.gemspec
I, [2014-02-18T21:11:54.962518 #11272]  INFO -- : 0:  multipart-post (2.0.0) from /Users/shawnbroukhim/.rbenv/versions/2.1.0/lib/ruby/gems/2.1.0/specifications/multipart-post-2.0.0.gemspec
I, [2014-02-18T21:11:54.962771 #11272]  INFO -- : 0:  faraday (0.9.0) from /Users/shawnbroukhim/.rbenv/versions/2.1.0/lib/ruby/gems/2.1.0/specifications/faraday-0.9.0.gemspec
I, [2014-02-18T21:11:54.963051 #11272]  INFO -- : 0:  hike (1.2.3) from /Users/shawnbroukhim/.rbenv/versions/2.1.0/lib/ruby/gems/2.1.0/specifications/hike-1.2.3.gemspec
I, [2014-02-18T21:11:54.963310 #11272]  INFO -- : 0:  http_parser.rb (0.6.0) from /Users/shawnbroukhim/.rbenv/versions/2.1.0/lib/ruby/gems/2.1.0/specifications/http_parser.rb-0.6.0.gemspec
I, [2014-02-18T21:11:54.963572 #11272]  INFO -- : 0:  http (0.5.0) from /Users/shawnbroukhim/.rbenv/versions/2.1.0/lib/ruby/gems/2.1.0/specifications/http-0.5.0.gemspec
I, [2014-02-18T21:11:54.963803 #11272]  INFO -- : 0:  json (1.8.1) from /Users/shawnbroukhim/.rbenv/versions/2.1.0/lib/ruby/gems/2.1.0/specifications/default/json-1.8.1.gemspec
I, [2014-02-18T21:11:54.964070 #11272]  INFO -- : 0:  multi_xml (0.5.5) from /Users/shawnbroukhim/.rbenv/versions/2.1.0/lib/ruby/gems/2.1.0/specifications/multi_xml-0.5.5.gemspec
I, [2014-02-18T21:11:54.964325 #11272]  INFO -- : 0:  httparty (0.12.0) from /Users/shawnbroukhim/.rbenv/versions/2.1.0/lib/ruby/gems/2.1.0/specifications/httparty-0.12.0.gemspec
I, [2014-02-18T21:11:54.964593 #11272]  INFO -- : 0:  jbuilder (1.5.3) from /Users/shawnbroukhim/.rbenv/versions/2.1.0/lib/ruby/gems/2.1.0/specifications/jbuilder-1.5.3.gemspec
I, [2014-02-18T21:11:54.964862 #11272]  INFO -- : 0:  jquery-rails (3.1.0) from /Users/shawnbroukhim/.rbenv/versions/2.1.0/lib/ruby/gems/2.1.0/specifications/jquery-rails-3.1.0.gemspec
I, [2014-02-18T21:11:54.965130 #11272]  INFO -- : 0:  memoizable (0.4.0) from /Users/shawnbroukhim/.rbenv/versions/2.1.0/lib/ruby/gems/2.1.0/specifications/memoizable-0.4.0.gemspec
I, [2014-02-18T21:11:54.965399 #11272]  INFO -- : 0:  method_source (0.8.2) from /Users/shawnbroukhim/.rbenv/versions/2.1.0/lib/ruby/gems/2.1.0/specifications/method_source-0.8.2.gemspec
I, [2014-02-18T21:11:54.965677 #11272]  INFO -- : 0:  naught (1.0.0) from /Users/shawnbroukhim/.rbenv/versions/2.1.0/lib/ruby/gems/2.1.0/specifications/naught-1.0.0.gemspec
I, [2014-02-18T21:11:54.965924 #11272]  INFO -- : 0:  pg (0.17.1) from /Users/shawnbroukhim/.rbenv/versions/2.1.0/lib/ruby/gems/2.1.0/specifications/pg-0.17.1.gemspec
I, [2014-02-18T21:11:54.966185 #11272]  INFO -- : 0:  slop (3.4.7) from /Users/shawnbroukhim/.rbenv/versions/2.1.0/lib/ruby/gems/2.1.0/specifications/slop-3.4.7.gemspec
I, [2014-02-18T21:11:54.966445 #11272]  INFO -- : 0:  pry (0.9.12.6) from /Users/shawnbroukhim/.rbenv/versions/2.1.0/lib/ruby/gems/2.1.0/specifications/pry-0.9.12.6.gemspec
I, [2014-02-18T21:11:54.966718 #11272]  INFO -- : 0:  pry-rails (0.3.2) from /Users/shawnbroukhim/.rbenv/versions/2.1.0/lib/ruby/gems/2.1.0/specifications/pry-rails-0.3.2.gemspec
I, [2014-02-18T21:11:54.966992 #11272]  INFO -- : 0:  psql (0.0.1) from /Users/shawnbroukhim/.rbenv/versions/2.1.0/lib/ruby/gems/2.1.0/specifications/psql-0.0.1.gemspec
I, [2014-02-18T21:11:54.967240 #11272]  INFO -- : 0:  bundler (1.5.1) from /Users/shawnbroukhim/.rbenv/versions/2.1.0/lib/ruby/gems/2.1.0/specifications/bundler-1.5.1.gemspec
I, [2014-02-18T21:11:54.969183 #11272]  INFO -- : 0:  tilt (1.4.1) from /Users/shawnbroukhim/.rbenv/versions/2.1.0/lib/ruby/gems/2.1.0/specifications/tilt-1.4.1.gemspec
I, [2014-02-18T21:11:54.969663 #11272]  INFO -- : 0:  sprockets (2.10.1) from /Users/shawnbroukhim/.rbenv/versions/2.1.0/lib/ruby/gems/2.1.0/specifications/sprockets-2.10.1.gemspec
I, [2014-02-18T21:11:54.969967 #11272]  INFO -- : 0:  sprockets-rails (2.0.1) from /Users/shawnbroukhim/.rbenv/versions/2.1.0/lib/ruby/gems/2.1.0/specifications/sprockets-rails-2.0.1.gemspec
I, [2014-02-18T21:11:54.970244 #11272]  INFO -- : 0:  rails (4.0.2) from /Users/shawnbroukhim/.rbenv/versions/2.1.0/lib/ruby/gems/2.1.0/specifications/rails-4.0.2.gemspec
I, [2014-02-18T21:11:54.970533 #11272]  INFO -- : 0:  rails_serve_static_assets (0.0.2) from /Users/shawnbroukhim/.rbenv/versions/2.1.0/lib/ruby/gems/2.1.0/specifications/rails_serve_static_assets-0.0.2.gemspec
I, [2014-02-18T21:11:54.970820 #11272]  INFO -- : 0:  rails_stdout_logging (0.0.3) from /Users/shawnbroukhim/.rbenv/versions/2.1.0/lib/ruby/gems/2.1.0/specifications/rails_stdout_logging-0.0.3.gemspec
I, [2014-02-18T21:11:54.971099 #11272]  INFO -- : 0:  rails_12factor (0.0.2) from /Users/shawnbroukhim/.rbenv/versions/2.1.0/lib/ruby/gems/2.1.0/specifications/rails_12factor-0.0.2.gemspec
I, [2014-02-18T21:11:54.971383 #11272]  INFO -- : 0:  rdoc (4.1.1) from /Users/shawnbroukhim/.rbenv/versions/2.1.0/lib/ruby/gems/2.1.0/specifications/rdoc-4.1.1.gemspec
I, [2014-02-18T21:11:54.971649 #11272]  INFO -- : 0:  sass (3.2.14) from /Users/shawnbroukhim/.rbenv/versions/2.1.0/lib/ruby/gems/2.1.0/specifications/sass-3.2.14.gemspec
I, [2014-02-18T21:11:54.971923 #11272]  INFO -- : 0:  sass-rails (4.0.1) from /Users/shawnbroukhim/.rbenv/versions/2.1.0/lib/ruby/gems/2.1.0/specifications/sass-rails-4.0.1.gemspec
I, [2014-02-18T21:11:54.972179 #11272]  INFO -- : 0:  sdoc (0.4.0) from /Users/shawnbroukhim/.rbenv/versions/2.1.0/lib/ruby/gems/2.1.0/specifications/sdoc-0.4.0.gemspec
I, [2014-02-18T21:11:54.972433 #11272]  INFO -- : 0:  simple_oauth (0.2.0) from /Users/shawnbroukhim/.rbenv/versions/2.1.0/lib/ruby/gems/2.1.0/specifications/simple_oauth-0.2.0.gemspec
I, [2014-02-18T21:11:54.972740 #11272]  INFO -- : 0:  sqlite3 (1.3.8) from /Users/shawnbroukhim/.rbenv/versions/2.1.0/lib/ruby/gems/2.1.0/specifications/sqlite3-1.3.8.gemspec
I, [2014-02-18T21:11:54.972991 #11272]  INFO -- : 0:  turbolinks (2.2.1) from /Users/shawnbroukhim/.rbenv/versions/2.1.0/lib/ruby/gems/2.1.0/specifications/turbolinks-2.2.1.gemspec
I, [2014-02-18T21:11:54.973249 #11272]  INFO -- : 0:  twitter (5.6.0) from /Users/shawnbroukhim/.rbenv/versions/2.1.0/lib/ruby/gems/2.1.0/specifications/twitter-5.6.0.gemspec
I, [2014-02-18T21:11:54.973523 #11272]  INFO -- : 0:  uglifier (2.4.0) from /Users/shawnbroukhim/.rbenv/versions/2.1.0/lib/ruby/gems/2.1.0/specifications/uglifier-2.4.0.gemspec
I, [2014-02-18T21:17:47.190427 #11668]  INFO -- : 0:  rake (10.1.1) from /Users/shawnbroukhim/.rbenv/versions/2.1.0/lib/ruby/gems/2.1.0/specifications/rake-10.1.1.gemspec
I, [2014-02-18T21:17:47.190844 #11668]  INFO -- : 0:  i18n (0.6.9) from /Users/shawnbroukhim/.rbenv/versions/2.1.0/lib/ruby/gems/2.1.0/specifications/i18n-0.6.9.gemspec
I, [2014-02-18T21:17:47.191095 #11668]  INFO -- : 0:  minitest (4.7.5) from /Users/shawnbroukhim/.rbenv/versions/2.1.0/lib/ruby/gems/2.1.0/specifications/default/minitest-4.7.5.gemspec
I, [2014-02-18T21:17:47.191334 #11668]  INFO -- : 0:  multi_json (1.8.4) from /Users/shawnbroukhim/.rbenv/versions/2.1.0/lib/ruby/gems/2.1.0/specifications/multi_json-1.8.4.gemspec
I, [2014-02-18T21:17:47.191600 #11668]  INFO -- : 0:  atomic (1.1.14) from /Users/shawnbroukhim/.rbenv/versions/2.1.0/lib/ruby/gems/2.1.0/specifications/atomic-1.1.14.gemspec
I, [2014-02-18T21:17:47.191869 #11668]  INFO -- : 0:  thread_safe (0.1.3) from /Users/shawnbroukhim/.rbenv/versions/2.1.0/lib/ruby/gems/2.1.0/specifications/thread_safe-0.1.3.gemspec
I, [2014-02-18T21:17:47.192102 #11668]  INFO -- : 0:  tzinfo (0.3.38) from /Users/shawnbroukhim/.rbenv/versions/2.1.0/lib/ruby/gems/2.1.0/specifications/tzinfo-0.3.38.gemspec
I, [2014-02-18T21:17:47.192334 #11668]  INFO -- : 0:  activesupport (4.0.2) from /Users/shawnbroukhim/.rbenv/versions/2.1.0/lib/ruby/gems/2.1.0/specifications/activesupport-4.0.2.gemspec
I, [2014-02-18T21:17:47.192580 #11668]  INFO -- : 0:  builder (3.1.4) from /Users/shawnbroukhim/.rbenv/versions/2.1.0/lib/ruby/gems/2.1.0/specifications/builder-3.1.4.gemspec
I, [2014-02-18T21:17:47.192801 #11668]  INFO -- : 0:  erubis (2.7.0) from /Users/shawnbroukhim/.rbenv/versions/2.1.0/lib/ruby/gems/2.1.0/specifications/erubis-2.7.0.gemspec
I, [2014-02-18T21:17:47.193053 #11668]  INFO -- : 0:  rack (1.5.2) from /Users/shawnbroukhim/.rbenv/versions/2.1.0/lib/ruby/gems/2.1.0/specifications/rack-1.5.2.gemspec
I, [2014-02-18T21:17:47.193287 #11668]  INFO -- : 0:  rack-test (0.6.2) from /Users/shawnbroukhim/.rbenv/versions/2.1.0/lib/ruby/gems/2.1.0/specifications/rack-test-0.6.2.gemspec
I, [2014-02-18T21:17:47.193562 #11668]  INFO -- : 0:  actionpack (4.0.2) from /Users/shawnbroukhim/.rbenv/versions/2.1.0/lib/ruby/gems/2.1.0/specifications/actionpack-4.0.2.gemspec
I, [2014-02-18T21:17:47.193816 #11668]  INFO -- : 0:  mime-types (1.25.1) from /Users/shawnbroukhim/.rbenv/versions/2.1.0/lib/ruby/gems/2.1.0/specifications/mime-types-1.25.1.gemspec
I, [2014-02-18T21:17:47.194083 #11668]  INFO -- : 0:  polyglot (0.3.3) from /Users/shawnbroukhim/.rbenv/versions/2.1.0/lib/ruby/gems/2.1.0/specifications/polyglot-0.3.3.gemspec
I, [2014-02-18T21:17:47.194412 #11668]  INFO -- : 0:  treetop (1.4.15) from /Users/shawnbroukhim/.rbenv/versions/2.1.0/lib/ruby/gems/2.1.0/specifications/treetop-1.4.15.gemspec
I, [2014-02-18T21:17:47.194705 #11668]  INFO -- : 0:  mail (2.5.4) from /Users/shawnbroukhim/.rbenv/versions/2.1.0/lib/ruby/gems/2.1.0/specifications/mail-2.5.4.gemspec
I, [2014-02-18T21:17:47.195002 #11668]  INFO -- : 0:  actionmailer (4.0.2) from /Users/shawnbroukhim/.rbenv/versions/2.1.0/lib/ruby/gems/2.1.0/specifications/actionmailer-4.0.2.gemspec
I, [2014-02-18T21:17:47.195302 #11668]  INFO -- : 0:  activemodel (4.0.2) from /Users/shawnbroukhim/.rbenv/versions/2.1.0/lib/ruby/gems/2.1.0/specifications/activemodel-4.0.2.gemspec
I, [2014-02-18T21:17:47.195579 #11668]  INFO -- : 0:  activerecord-deprecated_finders (1.0.3) from /Users/shawnbroukhim/.rbenv/versions/2.1.0/lib/ruby/gems/2.1.0/specifications/activerecord-deprecated_finders-1.0.3.gemspec
I, [2014-02-18T21:17:47.195851 #11668]  INFO -- : 0:  arel (4.0.2) from /Users/shawnbroukhim/.rbenv/versions/2.1.0/lib/ruby/gems/2.1.0/specifications/arel-4.0.2.gemspec
I, [2014-02-18T21:17:47.196150 #11668]  INFO -- : 0:  activerecord (4.0.2) from /Users/shawnbroukhim/.rbenv/versions/2.1.0/lib/ruby/gems/2.1.0/specifications/activerecord-4.0.2.gemspec
I, [2014-02-18T21:17:47.196462 #11668]  INFO -- : 0:  addressable (2.3.5) from /Users/shawnbroukhim/.rbenv/versions/2.1.0/lib/ruby/gems/2.1.0/specifications/addressable-2.3.5.gemspec
I, [2014-02-18T21:17:47.196755 #11668]  INFO -- : 0:  bcrypt-ruby (3.1.2) from /Users/shawnbroukhim/.rbenv/versions/2.1.0/lib/ruby/gems/2.1.0/specifications/bcrypt-ruby-3.1.2.gemspec
I, [2014-02-18T21:17:47.197003 #11668]  INFO -- : 0:  buftok (0.2.0) from /Users/shawnbroukhim/.rbenv/versions/2.1.0/lib/ruby/gems/2.1.0/specifications/buftok-0.2.0.gemspec
I, [2014-02-18T21:17:47.197282 #11668]  INFO -- : 0:  bundler (1.5.1) from /Users/shawnbroukhim/.rbenv/versions/2.1.0/lib/ruby/gems/2.1.0/specifications/bundler-1.5.1.gemspec
I, [2014-02-18T21:17:47.197527 #11668]  INFO -- : 0:  climate_control (0.0.3) from /Users/shawnbroukhim/.rbenv/versions/2.1.0/lib/ruby/gems/2.1.0/specifications/climate_control-0.0.3.gemspec
I, [2014-02-18T21:17:47.197891 #11668]  INFO -- : 0:  cocaine (0.5.1) from /Users/shawnbroukhim/.rbenv/versions/2.1.0/lib/ruby/gems/2.1.0/specifications/cocaine-0.5.1.gemspec
I, [2014-02-18T21:17:47.198275 #11668]  INFO -- : 0:  coderay (1.1.0) from /Users/shawnbroukhim/.rbenv/versions/2.1.0/lib/ruby/gems/2.1.0/specifications/coderay-1.1.0.gemspec
I, [2014-02-18T21:17:47.198590 #11668]  INFO -- : 0:  coffee-script-source (1.7.0) from /Users/shawnbroukhim/.rbenv/versions/2.1.0/lib/ruby/gems/2.1.0/specifications/coffee-script-source-1.7.0.gemspec
I, [2014-02-18T21:17:47.198822 #11668]  INFO -- : 0:  execjs (2.0.2) from /Users/shawnbroukhim/.rbenv/versions/2.1.0/lib/ruby/gems/2.1.0/specifications/execjs-2.0.2.gemspec
I, [2014-02-18T21:17:47.199130 #11668]  INFO -- : 0:  coffee-script (2.2.0) from /Users/shawnbroukhim/.rbenv/versions/2.1.0/lib/ruby/gems/2.1.0/specifications/coffee-script-2.2.0.gemspec
I, [2014-02-18T21:17:47.199383 #11668]  INFO -- : 0:  thor (0.18.1) from /Users/shawnbroukhim/.rbenv/versions/2.1.0/lib/ruby/gems/2.1.0/specifications/thor-0.18.1.gemspec
I, [2014-02-18T21:17:47.199631 #11668]  INFO -- : 0:  railties (4.0.2) from /Users/shawnbroukhim/.rbenv/versions/2.1.0/lib/ruby/gems/2.1.0/specifications/railties-4.0.2.gemspec
I, [2014-02-18T21:17:47.199900 #11668]  INFO -- : 0:  coffee-rails (4.0.1) from /Users/shawnbroukhim/.rbenv/versions/2.1.0/lib/ruby/gems/2.1.0/specifications/coffee-rails-4.0.1.gemspec
I, [2014-02-18T21:17:47.200158 #11668]  INFO -- : 0:  descendants_tracker (0.0.3) from /Users/shawnbroukhim/.rbenv/versions/2.1.0/lib/ruby/gems/2.1.0/specifications/descendants_tracker-0.0.3.gemspec
I, [2014-02-18T21:17:47.200441 #11668]  INFO -- : 0:  equalizer (0.0.9) from /Users/shawnbroukhim/.rbenv/versions/2.1.0/lib/ruby/gems/2.1.0/specifications/equalizer-0.0.9.gemspec
I, [2014-02-18T21:17:47.200688 #11668]  INFO -- : 0:  multipart-post (2.0.0) from /Users/shawnbroukhim/.rbenv/versions/2.1.0/lib/ruby/gems/2.1.0/specifications/multipart-post-2.0.0.gemspec
I, [2014-02-18T21:17:47.200976 #11668]  INFO -- : 0:  faraday (0.9.0) from /Users/shawnbroukhim/.rbenv/versions/2.1.0/lib/ruby/gems/2.1.0/specifications/faraday-0.9.0.gemspec
I, [2014-02-18T21:17:47.201252 #11668]  INFO -- : 0:  hike (1.2.3) from /Users/shawnbroukhim/.rbenv/versions/2.1.0/lib/ruby/gems/2.1.0/specifications/hike-1.2.3.gemspec
I, [2014-02-18T21:17:47.201538 #11668]  INFO -- : 0:  http_parser.rb (0.6.0) from /Users/shawnbroukhim/.rbenv/versions/2.1.0/lib/ruby/gems/2.1.0/specifications/http_parser.rb-0.6.0.gemspec
I, [2014-02-18T21:17:47.201853 #11668]  INFO -- : 0:  http (0.5.0) from /Users/shawnbroukhim/.rbenv/versions/2.1.0/lib/ruby/gems/2.1.0/specifications/http-0.5.0.gemspec
I, [2014-02-18T21:17:47.202157 #11668]  INFO -- : 0:  json (1.8.1) from /Users/shawnbroukhim/.rbenv/versions/2.1.0/lib/ruby/gems/2.1.0/specifications/default/json-1.8.1.gemspec
I, [2014-02-18T21:17:47.202440 #11668]  INFO -- : 0:  multi_xml (0.5.5) from /Users/shawnbroukhim/.rbenv/versions/2.1.0/lib/ruby/gems/2.1.0/specifications/multi_xml-0.5.5.gemspec
I, [2014-02-18T21:17:47.202764 #11668]  INFO -- : 0:  httparty (0.12.0) from /Users/shawnbroukhim/.rbenv/versions/2.1.0/lib/ruby/gems/2.1.0/specifications/httparty-0.12.0.gemspec
I, [2014-02-18T21:17:47.203101 #11668]  INFO -- : 0:  jbuilder (1.5.3) from /Users/shawnbroukhim/.rbenv/versions/2.1.0/lib/ruby/gems/2.1.0/specifications/jbuilder-1.5.3.gemspec
I, [2014-02-18T21:17:47.203430 #11668]  INFO -- : 0:  jquery-rails (3.1.0) from /Users/shawnbroukhim/.rbenv/versions/2.1.0/lib/ruby/gems/2.1.0/specifications/jquery-rails-3.1.0.gemspec
I, [2014-02-18T21:17:47.203734 #11668]  INFO -- : 0:  memoizable (0.4.0) from /Users/shawnbroukhim/.rbenv/versions/2.1.0/lib/ruby/gems/2.1.0/specifications/memoizable-0.4.0.gemspec
I, [2014-02-18T21:17:47.203975 #11668]  INFO -- : 0:  method_source (0.8.2) from /Users/shawnbroukhim/.rbenv/versions/2.1.0/lib/ruby/gems/2.1.0/specifications/method_source-0.8.2.gemspec
I, [2014-02-18T21:17:47.204222 #11668]  INFO -- : 0:  naught (1.0.0) from /Users/shawnbroukhim/.rbenv/versions/2.1.0/lib/ruby/gems/2.1.0/specifications/naught-1.0.0.gemspec
I, [2014-02-18T21:17:47.204466 #11668]  INFO -- : 0:  pg (0.17.1) from /Users/shawnbroukhim/.rbenv/versions/2.1.0/lib/ruby/gems/2.1.0/specifications/pg-0.17.1.gemspec
I, [2014-02-18T21:17:47.204718 #11668]  INFO -- : 0:  slop (3.4.7) from /Users/shawnbroukhim/.rbenv/versions/2.1.0/lib/ruby/gems/2.1.0/specifications/slop-3.4.7.gemspec
I, [2014-02-18T21:17:47.204965 #11668]  INFO -- : 0:  pry (0.9.12.6) from /Users/shawnbroukhim/.rbenv/versions/2.1.0/lib/ruby/gems/2.1.0/specifications/pry-0.9.12.6.gemspec
I, [2014-02-18T21:17:47.205186 #11668]  INFO -- : 0:  pry-rails (0.3.2) from /Users/shawnbroukhim/.rbenv/versions/2.1.0/lib/ruby/gems/2.1.0/specifications/pry-rails-0.3.2.gemspec
I, [2014-02-18T21:17:47.205402 #11668]  INFO -- : 0:  psql (0.0.1) from /Users/shawnbroukhim/.rbenv/versions/2.1.0/lib/ruby/gems/2.1.0/specifications/psql-0.0.1.gemspec
I, [2014-02-18T21:17:47.205647 #11668]  INFO -- : 0:  tilt (1.4.1) from /Users/shawnbroukhim/.rbenv/versions/2.1.0/lib/ruby/gems/2.1.0/specifications/tilt-1.4.1.gemspec
I, [2014-02-18T21:17:47.205878 #11668]  INFO -- : 0:  sprockets (2.10.1) from /Users/shawnbroukhim/.rbenv/versions/2.1.0/lib/ruby/gems/2.1.0/specifications/sprockets-2.10.1.gemspec
I, [2014-02-18T21:17:47.206135 #11668]  INFO -- : 0:  sprockets-rails (2.0.1) from /Users/shawnbroukhim/.rbenv/versions/2.1.0/lib/ruby/gems/2.1.0/specifications/sprockets-rails-2.0.1.gemspec
I, [2014-02-18T21:17:47.206376 #11668]  INFO -- : 0:  rails (4.0.2) from /Users/shawnbroukhim/.rbenv/versions/2.1.0/lib/ruby/gems/2.1.0/specifications/rails-4.0.2.gemspec
I, [2014-02-18T21:17:47.206612 #11668]  INFO -- : 0:  rails_serve_static_assets (0.0.2) from /Users/shawnbroukhim/.rbenv/versions/2.1.0/lib/ruby/gems/2.1.0/specifications/rails_serve_static_assets-0.0.2.gemspec
I, [2014-02-18T21:17:47.206866 #11668]  INFO -- : 0:  rails_stdout_logging (0.0.3) from /Users/shawnbroukhim/.rbenv/versions/2.1.0/lib/ruby/gems/2.1.0/specifications/rails_stdout_logging-0.0.3.gemspec
I, [2014-02-18T21:17:47.207109 #11668]  INFO -- : 0:  rails_12factor (0.0.2) from /Users/shawnbroukhim/.rbenv/versions/2.1.0/lib/ruby/gems/2.1.0/specifications/rails_12factor-0.0.2.gemspec
I, [2014-02-18T21:17:47.207355 #11668]  INFO -- : 0:  rdoc (4.1.1) from /Users/shawnbroukhim/.rbenv/versions/2.1.0/lib/ruby/gems/2.1.0/specifications/rdoc-4.1.1.gemspec
I, [2014-02-18T21:17:47.207592 #11668]  INFO -- : 0:  sass (3.2.14) from /Users/shawnbroukhim/.rbenv/versions/2.1.0/lib/ruby/gems/2.1.0/specifications/sass-3.2.14.gemspec
I, [2014-02-18T21:17:47.207833 #11668]  INFO -- : 0:  sass-rails (4.0.1) from /Users/shawnbroukhim/.rbenv/versions/2.1.0/lib/ruby/gems/2.1.0/specifications/sass-rails-4.0.1.gemspec
I, [2014-02-18T21:17:47.208112 #11668]  INFO -- : 0:  sdoc (0.4.0) from /Users/shawnbroukhim/.rbenv/versions/2.1.0/lib/ruby/gems/2.1.0/specifications/sdoc-0.4.0.gemspec
I, [2014-02-18T21:17:47.208400 #11668]  INFO -- : 0:  simple_oauth (0.2.0) from /Users/shawnbroukhim/.rbenv/versions/2.1.0/lib/ruby/gems/2.1.0/specifications/simple_oauth-0.2.0.gemspec
I, [2014-02-18T21:17:47.208669 #11668]  INFO -- : 0:  turbolinks (2.2.1) from /Users/shawnbroukhim/.rbenv/versions/2.1.0/lib/ruby/gems/2.1.0/specifications/turbolinks-2.2.1.gemspec
I, [2014-02-18T21:17:47.208921 #11668]  INFO -- : 0:  twitter (5.6.0) from /Users/shawnbroukhim/.rbenv/versions/2.1.0/lib/ruby/gems/2.1.0/specifications/twitter-5.6.0.gemspec
I, [2014-02-18T21:17:47.209182 #11668]  INFO -- : 0:  uglifier (2.4.0) from /Users/shawnbroukhim/.rbenv/versions/2.1.0/lib/ruby/gems/2.1.0/specifications/uglifier-2.4.0.gemspec
